Log file open, 10/02/20 20:33:17
LogInit: Display: Running engine for game: GuildGame
LogPlatformFile: Not using cached read wrapper
LogTaskGraph: Started task graph with 5 named threads and 23 total threads with 3 sets of task threads.
LogStats: Stats thread started at 0.685076
LogD3D11RHI: Loaded GFSDK_Aftermath_Lib.x64.dll
LogICUInternationalization: ICU TimeZone Detection - Raw Offset: +3:00, Platform Override: ''
LogPluginManager: Mounting plugin Paper2D
LogPluginManager: Mounting plugin AISupport
LogPluginManager: Mounting plugin LightPropagationVolume
LogPluginManager: Mounting plugin CameraShakePreviewer
LogPluginManager: Mounting plugin ActorLayerUtilities
LogPluginManager: Mounting plugin AnimationSharing
LogPluginManager: Mounting plugin CLionSourceCodeAccess
LogPluginManager: Mounting plugin CodeLiteSourceCodeAccess
LogPluginManager: Mounting plugin GitSourceControl
LogPluginManager: Mounting plugin KDevelopSourceCodeAccess
LogPluginManager: Mounting plugin NullSourceCodeAccess
LogPluginManager: Mounting plugin PerforceSourceControl
LogPluginManager: Mounting plugin PlasticSourceControl
LogPluginManager: Mounting plugin RiderSourceCodeAccess
LogPluginManager: Mounting plugin SubversionSourceControl
LogPluginManager: Mounting plugin UObjectPlugin
LogPluginManager: Mounting plugin VisualStudioCodeSourceCodeAccess
LogPluginManager: Mounting plugin VisualStudioSourceCodeAccess
LogPluginManager: Mounting plugin XCodeSourceCodeAccess
LogPluginManager: Mounting plugin AssetManagerEditor
LogPluginManager: Mounting plugin CryptoKeys
LogPluginManager: Mounting plugin CurveEditorTools
LogPluginManager: Mounting plugin DataValidation
LogPluginManager: Mounting plugin EditorScriptingUtilities
LogPluginManager: Mounting plugin FacialAnimation
LogPluginManager: Mounting plugin GameplayTagsEditor
LogPluginManager: Mounting plugin GeometryMode
LogPluginManager: Mounting plugin MacGraphicsSwitching
LogPluginManager: Mounting plugin MaterialAnalyzer
LogPluginManager: Mounting plugin MobileLauncherProfileWizard
LogPluginManager: Mounting plugin PluginBrowser
LogPluginManager: Mounting plugin SpeedTreeImporter
LogPluginManager: Mounting plugin DatasmithContent
LogPluginManager: Mounting plugin VariantManagerContent
LogPluginManager: Mounting plugin AlembicImporter
LogPluginManager: Mounting plugin AutomationUtils
LogPluginManager: Mounting plugin BackChannel
LogPluginManager: Mounting plugin ChaosCloth
LogPluginManager: Mounting plugin ChaosClothEditor
LogPluginManager: Mounting plugin ChaosEditor
LogPluginManager: Mounting plugin ChaosNiagara
LogPluginManager: Mounting plugin ChaosSolverPlugin
LogPluginManager: Mounting plugin CharacterAI
LogPluginManager: Mounting plugin GeometryCache
LogPluginManager: Mounting plugin GeometryCollectionPlugin
LogPluginManager: Mounting plugin GeometryProcessing
LogPluginManager: Mounting plugin PlanarCut
LogPluginManager: Mounting plugin PlatformCrypto
LogPluginManager: Mounting plugin ProxyLODPlugin
LogPluginManager: Mounting plugin SkeletalReduction
LogPluginManager: Mounting plugin Niagara
LogPluginManager: Mounting plugin MagicLeap
LogPluginManager: Mounting plugin MagicLeapLightEstimation
LogPluginManager: Mounting plugin MagicLeapMedia
LogPluginManager: Mounting plugin MagicLeapPassableWorld
LogPluginManager: Mounting plugin MLSDK
LogPluginManager: Mounting plugin AndroidMedia
LogPluginManager: Mounting plugin AvfMedia
LogPluginManager: Mounting plugin ImgMedia
LogPluginManager: Mounting plugin MediaCompositing
LogPluginManager: Mounting plugin MediaPlayerEditor
LogPluginManager: Mounting plugin WebMMedia
LogPluginManager: Mounting plugin WmfMedia
LogPluginManager: Mounting plugin MeshPainting
LogPluginManager: Mounting plugin TcpMessaging
LogPluginManager: Mounting plugin UdpMessaging
LogPluginManager: Mounting plugin ActorSequence
LogPluginManager: Mounting plugin LevelSequenceEditor
LogPluginManager: Mounting plugin MatineeToLevelSequence
LogPluginManager: Mounting plugin MovieRenderPipeline
LogPluginManager: Mounting plugin TemplateSequence
LogPluginManager: Mounting plugin NetcodeUnitTest
LogPluginManager: Mounting plugin NUTUnrealEngine4
LogPluginManager: Mounting plugin OnlineSubsystemGooglePlay
LogPluginManager: Mounting plugin OnlineSubsystemIOS
LogPluginManager: Mounting plugin OnlineSubsystem
LogPluginManager: Mounting plugin OnlineSubsystemNull
LogPluginManager: Mounting plugin OnlineSubsystemUtils
LogPluginManager: Mounting plugin LauncherChunkInstaller
LogPluginManager: Mounting plugin AndroidDeviceProfileSelector
LogPluginManager: Mounting plugin AndroidMoviePlayer
LogPluginManager: Mounting plugin AndroidPermission
LogPluginManager: Mounting plugin AppleImageUtils
LogPluginManager: Mounting plugin AppleMoviePlayer
LogPluginManager: Mounting plugin ArchVisCharacter
LogPluginManager: Mounting plugin AssetTags
LogPluginManager: Mounting plugin AudioCapture
LogPluginManager: Mounting plugin CableComponent
LogPluginManager: Mounting plugin CustomMeshComponent
LogPluginManager: Mounting plugin EditableMesh
LogPluginManager: Mounting plugin ExampleDeviceProfileSelector
LogPluginManager: Mounting plugin GoogleCloudMessaging
LogPluginManager: Mounting plugin GooglePAD
LogPluginManager: Mounting plugin IOSDeviceProfileSelector
LogPluginManager: Mounting plugin LinuxDeviceProfileSelector
LogPluginManager: Mounting plugin LocationServicesBPLibrary
LogPluginManager: Mounting plugin MobilePatchingUtils
LogPluginManager: Mounting plugin OculusVR
LogPluginManager: Mounting plugin PhysXVehicles
LogPluginManager: Mounting plugin PostSplashScreen
LogPluginManager: Mounting plugin ProceduralMeshComponent
LogPluginManager: Mounting plugin RuntimePhysXCooking
LogPluginManager: Mounting plugin SignificanceManager
LogPluginManager: Mounting plugin SoundFields
LogPluginManager: Mounting plugin SteamVR
LogPluginManager: Mounting plugin Synthesis
LogPluginManager: Mounting plugin WebMMoviePlayer
LogPluginManager: Mounting plugin WindowsMoviePlayer
LogPluginManager: Mounting plugin ScreenshotTools
LogPluginManager: Mounting plugin RiderLink
LogInit: Using libcurl 7.55.1-DEV
LogInit:  - built for x86_64-pc-win32
LogInit:  - supports SSL with OpenSSL/1.1.1
LogInit:  - supports HTTP deflate (compression) using libz 1.2.8
LogInit:  - other features:
LogInit:      CURL_VERSION_SSL
LogInit:      CURL_VERSION_LIBZ
LogInit:      CURL_VERSION_IPV6
LogInit:      CURL_VERSION_ASYNCHDNS
LogInit:      CURL_VERSION_LARGEFILE
LogInit:      CURL_VERSION_IDN
LogInit:  CurlRequestOptions (configurable via config and command line):
LogInit:  - bVerifyPeer = true  - Libcurl will verify peer certificate
LogInit:  - bUseHttpProxy = false  - Libcurl will NOT use HTTP proxy
LogInit:  - bDontReuseConnections = false  - Libcurl will reuse connections
LogInit:  - MaxHostConnections = 16  - Libcurl will limit the number of connections to a host
LogInit:  - LocalHostAddr = Default
LogInit:  - BufferSize = 65536
LogOnline: OSS: Creating online subsystem instance for: NULL
LogInit: WinSock: version 1.1 (2.2), MaxSocks=32767, MaxUdp=65467
LogOnline: OSS: TryLoadSubsystemAndSetDefault: Loaded subsystem for module [NULL]
LogInit: Build: ++UE4+Release-4.25-CL-13942748
LogInit: Engine Version: 4.25.3-13942748+++UE4+Release-4.25
LogInit: Compatible Engine Version: 4.25.0-13144385+++UE4+Release-4.25
LogInit: Net CL: 13144385
LogInit: OS: Windows 10 (Release 2004) (), CPU: Intel(R) Core(TM) i7-4790K CPU @ 4.00GHz, GPU: NVIDIA GeForce GTX 980
LogInit: Compiled (64-bit): Jul 25 2020 02:07:48
LogInit: Compiled with Visual C++: 19.24.28315.00
LogInit: Build Configuration: Development
LogInit: Branch Name: ++UE4+Release-4.25
LogInit: Command Line: 
LogInit: Base Directory: D:/Program Files/Epic Games/UE_4.25/Engine/Binaries/Win64/
LogInit: Allocator: TBB
LogInit: Installed Engine Build: 1
LogDevObjectVersion: Number of dev versions registered: 26
LogDevObjectVersion:   Dev-Blueprints (B0D832E4-1F89-4F0D-ACCF-7EB736FD4AA2): 10
LogDevObjectVersion:   Dev-Build (E1C64328-A22C-4D53-A36C-8E866417BD8C): 0
LogDevObjectVersion:   Dev-Core (375EC13C-06E4-48FB-B500-84F0262A717E): 4
LogDevObjectVersion:   Dev-Editor (E4B068ED-F494-42E9-A231-DA0B2E46BB41): 38
LogDevObjectVersion:   Dev-Framework (CFFC743F-43B0-4480-9391-14DF171D2073): 37
LogDevObjectVersion:   Dev-Mobile (B02B49B5-BB20-44E9-A304-32B752E40360): 2
LogDevObjectVersion:   Dev-Networking (A4E4105C-59A1-49B5-A7C5-40C4547EDFEE): 0
LogDevObjectVersion:   Dev-Online (39C831C9-5AE6-47DC-9A44-9C173E1C8E7C): 0
LogDevObjectVersion:   Dev-Physics (78F01B33-EBEA-4F98-B9B4-84EACCB95AA2): 4
LogDevObjectVersion:   Dev-Platform (6631380F-2D4D-43E0-8009-CF276956A95A): 0
LogDevObjectVersion:   Dev-Rendering (12F88B9F-8875-4AFC-A67C-D90C383ABD29): 43
LogDevObjectVersion:   Dev-Sequencer (7B5AE74C-D270-4C10-A958-57980B212A5A): 12
LogDevObjectVersion:   Dev-VR (D7296918-1DD6-4BDD-9DE2-64A83CC13884): 3
LogDevObjectVersion:   Dev-LoadTimes (C2A15278-BFE7-4AFE-6C17-90FF531DF755): 1
LogDevObjectVersion:   Private-Geometry (6EACA3D4-40EC-4CC1-B786-8BED09428FC5): 3
LogDevObjectVersion:   Dev-AnimPhys (29E575DD-E0A3-4627-9D10-D276232CDCEA): 17
LogDevObjectVersion:   Dev-Anim (AF43A65D-7FD3-4947-9873-3E8ED9C1BB05): 7
LogDevObjectVersion:   Dev-ReflectionCapture (6B266CEC-1EC7-4B8F-A30B-E4D90942FC07): 1
LogDevObjectVersion:   Dev-Automation (0DF73D61-A23F-47EA-B727-89E90C41499A): 1
LogDevObjectVersion:   FortniteMain (601D1886-AC64-4F84-AA16-D3DE0DEAC7D6): 31
LogDevObjectVersion:   Dev-Enterprise (9DFFBCD6-494F-0158-E221-12823C92A888): 10
LogDevObjectVersion:   Dev-Niagara (F2AED0AC-9AFE-416F-8664-AA7FFA26D6FC): 1
LogDevObjectVersion:   Dev-Destruction (174F1F0B-B4C6-45A5-B13F-2EE8D0FB917D): 10
LogDevObjectVersion:   Dev-Physics-Ext (35F94A83-E258-406C-A318-09F59610247C): 37
LogDevObjectVersion:   Dev-PhysicsMaterial-Chaos (B68FC16E-8B1B-42E2-B453-215C058844FE): 1
LogDevObjectVersion:   Dev-CineCamera (B2E18506-4273-CFC2-A54E-F4BB758BBA07): 1
LogInit: Presizing for max 25165824 objects, including 0 objects not considered by GC, pre-allocating 0 bytes for permanent pool.
LogConfig: Applying CVar settings from Section [/Script/Engine.StreamingSettings] File [C:/Unreal Projects/GuildGame/Saved/Config/Windows/Engine.ini]
LogConfig: Setting CVar [[s.MinBulkDataSizeForAsyncLoading:131072]]
LogConfig: Setting CVar [[s.AsyncLoadingThreadEnabled:0]]
LogConfig: Setting CVar [[s.EventDrivenLoaderEnabled:1]]
LogConfig: Setting CVar [[s.WarnIfTimeLimitExceeded:0]]
LogConfig: Setting CVar [[s.TimeLimitExceededMultiplier:1.5]]
LogConfig: Setting CVar [[s.TimeLimitExceededMinTime:0.005]]
LogConfig: Setting CVar [[s.UseBackgroundLevelStreaming:1]]
LogConfig: Setting CVar [[s.PriorityAsyncLoadingExtraTime:15.0]]
LogConfig: Setting CVar [[s.LevelStreamingActorsUpdateTimeLimit:5.0]]
LogConfig: Setting CVar [[s.PriorityLevelStreamingActorsUpdateExtraTime:5.0]]
LogConfig: Setting CVar [[s.LevelStreamingComponentsRegistrationGranularity:10]]
LogConfig: Setting CVar [[s.UnregisterComponentsTimeLimit:1.0]]
LogConfig: Setting CVar [[s.LevelStreamingComponentsUnregistrationGranularity:5]]
LogConfig: Setting CVar [[s.FlushStreamingOnExit:1]]
LogInit: Object subsystem initialized
LogConfig: Setting CVar [[con.DebugEarlyDefault:1]]
LogConfig: Setting CVar [[r.setres:1280x720]]
[2020.10.02-17.33.24:508][  0]LogConfig: Setting CVar [[r.VSync:0]]
[2020.10.02-17.33.24:508][  0]LogConfig: Setting CVar [[r.RHICmdBypass:0]]
[2020.10.02-17.33.24:509][  0]LogConfig: Applying CVar settings from Section [/Script/Engine.RendererSettings] File [C:/Unreal Projects/GuildGame/Saved/Config/Windows/Engine.ini]
[2020.10.02-17.33.24:509][  0]LogConfig: Setting CVar [[r.GPUCrashDebugging:0]]
[2020.10.02-17.33.24:509][  0]LogConfig: Applying CVar settings from Section [/Script/Engine.RendererOverrideSettings] File [C:/Unreal Projects/GuildGame/Saved/Config/Windows/Engine.ini]
[2020.10.02-17.33.24:509][  0]LogConfig: Applying CVar settings from Section [/Script/Engine.StreamingSettings] File [C:/Unreal Projects/GuildGame/Saved/Config/Windows/Engine.ini]
[2020.10.02-17.33.24:509][  0]LogConfig: Setting CVar [[s.MinBulkDataSizeForAsyncLoading:131072]]
[2020.10.02-17.33.24:509][  0]LogConfig: Setting CVar [[s.AsyncLoadingThreadEnabled:0]]
[2020.10.02-17.33.24:509][  0]LogConfig: Setting CVar [[s.EventDrivenLoaderEnabled:1]]
[2020.10.02-17.33.24:509][  0]LogConfig: Setting CVar [[s.WarnIfTimeLimitExceeded:0]]
[2020.10.02-17.33.24:509][  0]LogConfig: Setting CVar [[s.TimeLimitExceededMultiplier:1.5]]
[2020.10.02-17.33.24:509][  0]LogConfig: Setting CVar [[s.TimeLimitExceededMinTime:0.005]]
[2020.10.02-17.33.24:509][  0]LogConfig: Setting CVar [[s.UseBackgroundLevelStreaming:1]]
[2020.10.02-17.33.24:509][  0]LogConfig: Setting CVar [[s.PriorityAsyncLoadingExtraTime:15.0]]
[2020.10.02-17.33.24:509][  0]LogConfig: Setting CVar [[s.LevelStreamingActorsUpdateTimeLimit:5.0]]
[2020.10.02-17.33.24:509][  0]LogConfig: Setting CVar [[s.PriorityLevelStreamingActorsUpdateExtraTime:5.0]]
[2020.10.02-17.33.24:509][  0]LogConfig: Setting CVar [[s.LevelStreamingComponentsRegistrationGranularity:10]]
[2020.10.02-17.33.24:509][  0]LogConfig: Setting CVar [[s.UnregisterComponentsTimeLimit:1.0]]
[2020.10.02-17.33.24:509][  0]LogConfig: Setting CVar [[s.LevelStreamingComponentsUnregistrationGranularity:5]]
[2020.10.02-17.33.24:509][  0]LogConfig: Setting CVar [[s.FlushStreamingOnExit:1]]
[2020.10.02-17.33.24:509][  0]LogConfig: Applying CVar settings from Section [/Script/Engine.GarbageCollectionSettings] File [C:/Unreal Projects/GuildGame/Saved/Config/Windows/Engine.ini]
[2020.10.02-17.33.24:509][  0]LogConfig: Setting CVar [[gc.MaxObjectsNotConsideredByGC:1]]
[2020.10.02-17.33.24:509][  0]LogConfig: Setting CVar [[gc.SizeOfPermanentObjectPool:0]]
[2020.10.02-17.33.24:509][  0]LogConfig: Setting CVar [[gc.FlushStreamingOnGC:0]]
[2020.10.02-17.33.24:509][  0]LogConfig: Setting CVar [[gc.NumRetriesBeforeForcingGC:10]]
[2020.10.02-17.33.24:509][  0]LogConfig: Setting CVar [[gc.AllowParallelGC:1]]
[2020.10.02-17.33.24:509][  0]LogConfig: Setting CVar [[gc.TimeBetweenPurgingPendingKillObjects:61.1]]
[2020.10.02-17.33.24:509][  0]LogConfig: Setting CVar [[gc.MaxObjectsInEditor:25165824]]
[2020.10.02-17.33.24:509][  0]LogConfig: Setting CVar [[gc.IncrementalBeginDestroyEnabled:1]]
[2020.10.02-17.33.24:509][  0]LogConfig: Setting CVar [[gc.CreateGCClusters:1]]
[2020.10.02-17.33.24:509][  0]LogConfig: Setting CVar [[gc.MinGCClusterSize:5]]
[2020.10.02-17.33.24:509][  0]LogConfig: Setting CVar [[gc.ActorClusteringEnabled:0]]
[2020.10.02-17.33.24:509][  0]LogConfig: Setting CVar [[gc.BlueprintClusteringEnabled:0]]
[2020.10.02-17.33.24:509][  0]LogConfig: Setting CVar [[gc.UseDisregardForGCOnDedicatedServers:0]]
[2020.10.02-17.33.24:509][  0]LogConfig: Applying CVar settings from Section [/Script/Engine.NetworkSettings] File [C:/Unreal Projects/GuildGame/Saved/Config/Windows/Engine.ini]
[2020.10.02-17.33.24:509][  0]LogConfig: Applying CVar settings from Section [/Script/UnrealEd.CookerSettings] File [C:/Unreal Projects/GuildGame/Saved/Config/Windows/Engine.ini]
[2020.10.02-17.33.24:588][  0]LogConfig: Applying CVar settings from Section [ViewDistanceQuality@3] File [C:/Unreal Projects/GuildGame/Saved/Config/Windows/Scalability.ini]
[2020.10.02-17.33.24:588][  0]LogConfig: Setting CVar [[r.SkeletalMeshLODBias:0]]
[2020.10.02-17.33.24:588][  0]LogConfig: Setting CVar [[r.ViewDistanceScale:1.0]]
[2020.10.02-17.33.24:588][  0]LogConfig: Applying CVar settings from Section [AntiAliasingQuality@3] File [C:/Unreal Projects/GuildGame/Saved/Config/Windows/Scalability.ini]
[2020.10.02-17.33.24:588][  0]LogConfig: Setting CVar [[r.PostProcessAAQuality:4]]
[2020.10.02-17.33.24:588][  0]LogConfig: Applying CVar settings from Section [ShadowQuality@3] File [C:/Unreal Projects/GuildGame/Saved/Config/Windows/Scalability.ini]
[2020.10.02-17.33.24:588][  0]LogConfig: Setting CVar [[r.LightFunctionQuality:1]]
[2020.10.02-17.33.24:588][  0]LogConfig: Setting CVar [[r.ShadowQuality:5]]
[2020.10.02-17.33.24:588][  0]LogConfig: Setting CVar [[r.Shadow.CSM.MaxCascades:10]]
[2020.10.02-17.33.24:588][  0]LogConfig: Setting CVar [[r.Shadow.MaxResolution:2048]]
[2020.10.02-17.33.24:588][  0]LogConfig: Setting CVar [[r.Shadow.MaxCSMResolution:2048]]
[2020.10.02-17.33.24:588][  0]LogConfig: Setting CVar [[r.Shadow.RadiusThreshold:0.01]]
[2020.10.02-17.33.24:588][  0]LogConfig: Setting CVar [[r.Shadow.DistanceScale:1.0]]
[2020.10.02-17.33.24:588][  0]LogConfig: Setting CVar [[r.Shadow.CSM.TransitionScale:1.0]]
[2020.10.02-17.33.24:588][  0]LogConfig: Setting CVar [[r.Shadow.PreShadowResolutionFactor:1.0]]
[2020.10.02-17.33.24:588][  0]LogConfig: Setting CVar [[r.DistanceFieldShadowing:1]]
[2020.10.02-17.33.24:588][  0]LogConfig: Setting CVar [[r.DistanceFieldAO:1]]
[2020.10.02-17.33.24:588][  0]LogConfig: Setting CVar [[r.AOQuality:2]]
[2020.10.02-17.33.24:588][  0]LogConfig: Setting CVar [[r.VolumetricFog:1]]
[2020.10.02-17.33.24:588][  0]LogConfig: Setting CVar [[r.VolumetricFog.GridPixelSize:8]]
[2020.10.02-17.33.24:588][  0]LogConfig: Setting CVar [[r.VolumetricFog.GridSizeZ:128]]
[2020.10.02-17.33.24:588][  0]LogConfig: Setting CVar [[r.VolumetricFog.HistoryMissSupersampleCount:4]]
[2020.10.02-17.33.24:588][  0]LogConfig: Setting CVar [[r.LightMaxDrawDistanceScale:1]]
[2020.10.02-17.33.24:588][  0]LogConfig: Setting CVar [[r.CapsuleShadows:1]]
[2020.10.02-17.33.24:588][  0]LogConfig: Applying CVar settings from Section [PostProcessQuality@3] File [C:/Unreal Projects/GuildGame/Saved/Config/Windows/Scalability.ini]
[2020.10.02-17.33.24:588][  0]LogConfig: Setting CVar [[r.MotionBlurQuality:4]]
[2020.10.02-17.33.24:588][  0]LogConfig: Setting CVar [[r.AmbientOcclusionMipLevelFactor:0.4]]
[2020.10.02-17.33.24:588][  0]LogConfig: Setting CVar [[r.AmbientOcclusionMaxQuality:100]]
[2020.10.02-17.33.24:588][  0]LogConfig: Setting CVar [[r.AmbientOcclusionLevels:-1]]
[2020.10.02-17.33.24:588][  0]LogConfig: Setting CVar [[r.AmbientOcclusionRadiusScale:1.0]]
[2020.10.02-17.33.24:588][  0]LogConfig: Setting CVar [[r.DepthOfFieldQuality:2]]
[2020.10.02-17.33.24:588][  0]LogConfig: Setting CVar [[r.RenderTargetPoolMin:400]]
[2020.10.02-17.33.24:588][  0]LogConfig: Setting CVar [[r.LensFlareQuality:2]]
[2020.10.02-17.33.24:588][  0]LogConfig: Setting CVar [[r.SceneColorFringeQuality:1]]
[2020.10.02-17.33.24:588][  0]LogConfig: Setting CVar [[r.EyeAdaptationQuality:2]]
[2020.10.02-17.33.24:588][  0]LogConfig: Setting CVar [[r.BloomQuality:5]]
[2020.10.02-17.33.24:588][  0]LogConfig: Setting CVar [[r.FastBlurThreshold:100]]
[2020.10.02-17.33.24:588][  0]LogConfig: Setting CVar [[r.Upscale.Quality:3]]
[2020.10.02-17.33.24:588][  0]LogConfig: Setting CVar [[r.Tonemapper.GrainQuantization:1]]
[2020.10.02-17.33.24:588][  0]LogConfig: Setting CVar [[r.LightShaftQuality:1]]
[2020.10.02-17.33.24:588][  0]LogConfig: Setting CVar [[r.Filter.SizeScale:1]]
[2020.10.02-17.33.24:588][  0]LogConfig: Setting CVar [[r.Tonemapper.Quality:5]]
[2020.10.02-17.33.24:588][  0]LogConfig: Setting CVar [[r.DOF.Gather.AccumulatorQuality:1        ; higher gathering accumulator quality]]
[2020.10.02-17.33.24:588][  0]LogConfig: Setting CVar [[r.DOF.Gather.PostfilterMethod:1          ; Median3x3 postfilering method]]
[2020.10.02-17.33.24:588][  0]LogConfig: Setting CVar [[r.DOF.Gather.EnableBokehSettings:0       ; no bokeh simulation when gathering]]
[2020.10.02-17.33.24:588][  0]LogConfig: Setting CVar [[r.DOF.Gather.RingCount:4                 ; medium number of samples when gathering]]
[2020.10.02-17.33.24:588][  0]LogConfig: Setting CVar [[r.DOF.Scatter.ForegroundCompositing:1    ; additive foreground scattering]]
[2020.10.02-17.33.24:588][  0]LogConfig: Setting CVar [[r.DOF.Scatter.BackgroundCompositing:2    ; additive background scattering]]
[2020.10.02-17.33.24:588][  0]LogConfig: Setting CVar [[r.DOF.Scatter.EnableBokehSettings:1      ; bokeh simulation when scattering]]
[2020.10.02-17.33.24:588][  0]LogConfig: Setting CVar [[r.DOF.Scatter.MaxSpriteRatio:0.1         ; only a maximum of 10% of scattered bokeh]]
[2020.10.02-17.33.24:588][  0]LogConfig: Setting CVar [[r.DOF.Recombine.Quality:1                ; cheap slight out of focus]]
[2020.10.02-17.33.24:588][  0]LogConfig: Setting CVar [[r.DOF.Recombine.EnableBokehSettings:0    ; no bokeh simulation on slight out of focus]]
[2020.10.02-17.33.24:588][  0]LogConfig: Setting CVar [[r.DOF.TemporalAAQuality:1                ; more stable temporal accumulation]]
[2020.10.02-17.33.24:588][  0]LogConfig: Setting CVar [[r.DOF.Kernel.MaxForegroundRadius:0.025]]
[2020.10.02-17.33.24:588][  0]LogConfig: Setting CVar [[r.DOF.Kernel.MaxBackgroundRadius:0.025]]
[2020.10.02-17.33.24:588][  0]LogConfig: Applying CVar settings from Section [TextureQuality@3] File [C:/Unreal Projects/GuildGame/Saved/Config/Windows/Scalability.ini]
[2020.10.02-17.33.24:588][  0]LogConfig: Setting CVar [[r.Streaming.MipBias:0]]
[2020.10.02-17.33.24:588][  0]LogConfig: Setting CVar [[r.Streaming.AmortizeCPUToGPUCopy:0]]
[2020.10.02-17.33.24:588][  0]LogConfig: Setting CVar [[r.Streaming.MaxNumTexturesToStreamPerFrame:0]]
[2020.10.02-17.33.24:588][  0]LogConfig: Setting CVar [[r.Streaming.Boost:1]]
[2020.10.02-17.33.24:588][  0]LogConfig: Setting CVar [[r.MaxAnisotropy:8]]
[2020.10.02-17.33.24:588][  0]LogConfig: Setting CVar [[r.VT.MaxAnisotropy:8]]
[2020.10.02-17.33.24:588][  0]LogConfig: Setting CVar [[r.Streaming.LimitPoolSizeToVRAM:0]]
[2020.10.02-17.33.24:588][  0]LogConfig: Setting CVar [[r.Streaming.PoolSize:1000]]
[2020.10.02-17.33.24:588][  0]LogConfig: Setting CVar [[r.Streaming.MaxEffectiveScreenSize:0]]
[2020.10.02-17.33.24:588][  0]LogConfig: Applying CVar settings from Section [EffectsQuality@3] File [C:/Unreal Projects/GuildGame/Saved/Config/Windows/Scalability.ini]
[2020.10.02-17.33.24:588][  0]LogConfig: Setting CVar [[r.TranslucencyLightingVolumeDim:64]]
[2020.10.02-17.33.24:588][  0]LogConfig: Setting CVar [[r.RefractionQuality:2]]
[2020.10.02-17.33.24:588][  0]LogConfig: Setting CVar [[r.SSR.Quality:3]]
[2020.10.02-17.33.24:588][  0]LogConfig: Setting CVar [[r.SSR.HalfResSceneColor:0]]
[2020.10.02-17.33.24:588][  0]LogConfig: Setting CVar [[r.SceneColorFormat:4]]
[2020.10.02-17.33.24:588][  0]LogConfig: Setting CVar [[r.DetailMode:2]]
[2020.10.02-17.33.24:588][  0]LogConfig: Setting CVar [[r.TranslucencyVolumeBlur:1]]
[2020.10.02-17.33.24:588][  0]LogConfig: Setting CVar [[r.MaterialQualityLevel:1 ; High quality]]
[2020.10.02-17.33.24:588][  0]LogConfig: Setting CVar [[r.SSS.Scale:1]]
[2020.10.02-17.33.24:588][  0]LogConfig: Setting CVar [[r.SSS.SampleSet:2]]
[2020.10.02-17.33.24:588][  0]LogConfig: Setting CVar [[r.SSS.Quality:1]]
[2020.10.02-17.33.24:588][  0]LogConfig: Setting CVar [[r.SSS.HalfRes:0]]
[2020.10.02-17.33.24:588][  0]LogConfig: Setting CVar [[r.SSGI.Quality:3]]
[2020.10.02-17.33.24:588][  0]LogConfig: Setting CVar [[r.EmitterSpawnRateScale:1.0]]
[2020.10.02-17.33.24:588][  0]LogConfig: Setting CVar [[r.ParticleLightQuality:2]]
[2020.10.02-17.33.24:588][  0]LogConfig: Setting CVar [[r.SkyAtmosphere.AerialPerspectiveLUT.FastApplyOnOpaque:1 ; Always have FastSkyLUT 1 in this case to avoid wrong sky]]
[2020.10.02-17.33.24:588][  0]LogConfig: Setting CVar [[r.SkyAtmosphere.AerialPerspectiveLUT.SampleCountPerSlice:1]]
[2020.10.02-17.33.24:588][  0]LogConfig: Setting CVar [[r.SkyAtmosphere.AerialPerspectiveLUT.DepthResolution:16.0]]
[2020.10.02-17.33.24:588][  0]LogConfig: Setting CVar [[r.SkyAtmosphere.FastSkyLUT:1]]
[2020.10.02-17.33.24:588][  0]LogConfig: Setting CVar [[r.SkyAtmosphere.FastSkyLUT.SampleCountMin:4.0]]
[2020.10.02-17.33.24:588][  0]LogConfig: Setting CVar [[r.SkyAtmosphere.FastSkyLUT.SampleCountMax:32.0]]
[2020.10.02-17.33.24:588][  0]LogConfig: Setting CVar [[r.SkyAtmosphere.SampleCountMin:4.0]]
[2020.10.02-17.33.24:588][  0]LogConfig: Setting CVar [[r.SkyAtmosphere.SampleCountMax:32.0]]
[2020.10.02-17.33.24:588][  0]LogConfig: Setting CVar [[r.SkyAtmosphere.TransmittanceLUT.UseSmallFormat:0]]
[2020.10.02-17.33.24:588][  0]LogConfig: Setting CVar [[r.SkyAtmosphere.TransmittanceLUT.SampleCount:10.0]]
[2020.10.02-17.33.24:588][  0]LogConfig: Setting CVar [[r.SkyAtmosphere.MultiScatteringLUT.SampleCount:15.0]]
[2020.10.02-17.33.24:589][  0]LogConfig: Applying CVar settings from Section [FoliageQuality@3] File [C:/Unreal Projects/GuildGame/Saved/Config/Windows/Scalability.ini]
[2020.10.02-17.33.24:589][  0]LogConfig: Setting CVar [[foliage.DensityScale:1.0]]
[2020.10.02-17.33.24:589][  0]LogConfig: Setting CVar [[grass.DensityScale:1.0]]
[2020.10.02-17.33.24:589][  0]LogConfig: Applying CVar settings from Section [ShadingQuality@3] File [C:/Unreal Projects/GuildGame/Saved/Config/Windows/Scalability.ini]
[2020.10.02-17.33.24:589][  0]LogConfig: Setting CVar [[r.HairStrands.SkyLighting.SampleCount:16]]
[2020.10.02-17.33.24:589][  0]LogConfig: Setting CVar [[r.HairStrands.SkyLighting.JitterIntegration:0]]
[2020.10.02-17.33.24:589][  0]LogConfig: Setting CVar [[r.HairStrands.SkyAO.SampleCount:16]]
[2020.10.02-17.33.24:589][  0]LogConfig: Setting CVar [[r.HairStrands.DeepShadow.SuperSampling:0]]
[2020.10.02-17.33.24:589][  0]LogConfig: Setting CVar [[r.HairStrands.VisibilityPPLL:0]]
[2020.10.02-17.33.24:589][  0]LogConfig: Setting CVar [[r.HairStrands.RasterizationScale:0.5]]
[2020.10.02-17.33.24:589][  0]LogConfig: Setting CVar [[r.HairStrands.VelocityRasterizationScale:1]]
[2020.10.02-17.33.24:604][  0]LogInit: Selected Device Profile: [Windows]
[2020.10.02-17.33.24:605][  0]LogInit: Applying CVar settings loaded from the selected device profile: [Windows]
[2020.10.02-17.33.24:613][  0]LogHAL: Display: Platform has ~ 8 GB [8539230208 / 8589934592 / 8], which maps to Default [LargestMinGB=32, LargerMinGB=12, DefaultMinGB=8, SmallerMinGB=6, SmallestMinGB=0)
[2020.10.02-17.33.24:613][  0]LogInit: Going up to parent DeviceProfile []
[2020.10.02-17.33.24:621][  0]LogConfig: Applying CVar settings from Section [ViewDistanceQuality@3] File [C:/Unreal Projects/GuildGame/Saved/Config/Windows/Scalability.ini]
[2020.10.02-17.33.24:621][  0]LogConfig: Setting CVar [[r.SkeletalMeshLODBias:0]]
[2020.10.02-17.33.24:621][  0]LogConfig: Setting CVar [[r.ViewDistanceScale:1.0]]
[2020.10.02-17.33.24:621][  0]LogConfig: Applying CVar settings from Section [AntiAliasingQuality@3] File [C:/Unreal Projects/GuildGame/Saved/Config/Windows/Scalability.ini]
[2020.10.02-17.33.24:621][  0]LogConfig: Setting CVar [[r.PostProcessAAQuality:4]]
[2020.10.02-17.33.24:622][  0]LogConfig: Applying CVar settings from Section [ShadowQuality@3] File [C:/Unreal Projects/GuildGame/Saved/Config/Windows/Scalability.ini]
[2020.10.02-17.33.24:622][  0]LogConfig: Setting CVar [[r.LightFunctionQuality:1]]
[2020.10.02-17.33.24:622][  0]LogConfig: Setting CVar [[r.ShadowQuality:5]]
[2020.10.02-17.33.24:622][  0]LogConfig: Setting CVar [[r.Shadow.CSM.MaxCascades:10]]
[2020.10.02-17.33.24:622][  0]LogConfig: Setting CVar [[r.Shadow.MaxResolution:2048]]
[2020.10.02-17.33.24:622][  0]LogConfig: Setting CVar [[r.Shadow.MaxCSMResolution:2048]]
[2020.10.02-17.33.24:622][  0]LogConfig: Setting CVar [[r.Shadow.RadiusThreshold:0.01]]
[2020.10.02-17.33.24:622][  0]LogConfig: Setting CVar [[r.Shadow.DistanceScale:1.0]]
[2020.10.02-17.33.24:622][  0]LogConfig: Setting CVar [[r.Shadow.CSM.TransitionScale:1.0]]
[2020.10.02-17.33.24:622][  0]LogConfig: Setting CVar [[r.Shadow.PreShadowResolutionFactor:1.0]]
[2020.10.02-17.33.24:622][  0]LogConfig: Setting CVar [[r.DistanceFieldShadowing:1]]
[2020.10.02-17.33.24:622][  0]LogConfig: Setting CVar [[r.DistanceFieldAO:1]]
[2020.10.02-17.33.24:622][  0]LogConfig: Setting CVar [[r.AOQuality:2]]
[2020.10.02-17.33.24:622][  0]LogConfig: Setting CVar [[r.VolumetricFog:1]]
[2020.10.02-17.33.24:622][  0]LogConfig: Setting CVar [[r.VolumetricFog.GridPixelSize:8]]
[2020.10.02-17.33.24:622][  0]LogConfig: Setting CVar [[r.VolumetricFog.GridSizeZ:128]]
[2020.10.02-17.33.24:622][  0]LogConfig: Setting CVar [[r.VolumetricFog.HistoryMissSupersampleCount:4]]
[2020.10.02-17.33.24:622][  0]LogConfig: Setting CVar [[r.LightMaxDrawDistanceScale:1]]
[2020.10.02-17.33.24:622][  0]LogConfig: Setting CVar [[r.CapsuleShadows:1]]
[2020.10.02-17.33.24:622][  0]LogConfig: Applying CVar settings from Section [PostProcessQuality@3] File [C:/Unreal Projects/GuildGame/Saved/Config/Windows/Scalability.ini]
[2020.10.02-17.33.24:622][  0]LogConfig: Setting CVar [[r.MotionBlurQuality:4]]
[2020.10.02-17.33.24:622][  0]LogConfig: Setting CVar [[r.AmbientOcclusionMipLevelFactor:0.4]]
[2020.10.02-17.33.24:622][  0]LogConfig: Setting CVar [[r.AmbientOcclusionMaxQuality:100]]
[2020.10.02-17.33.24:622][  0]LogConfig: Setting CVar [[r.AmbientOcclusionLevels:-1]]
[2020.10.02-17.33.24:622][  0]LogConfig: Setting CVar [[r.AmbientOcclusionRadiusScale:1.0]]
[2020.10.02-17.33.24:622][  0]LogConfig: Setting CVar [[r.DepthOfFieldQuality:2]]
[2020.10.02-17.33.24:622][  0]LogConfig: Setting CVar [[r.RenderTargetPoolMin:400]]
[2020.10.02-17.33.24:622][  0]LogConfig: Setting CVar [[r.LensFlareQuality:2]]
[2020.10.02-17.33.24:622][  0]LogConfig: Setting CVar [[r.SceneColorFringeQuality:1]]
[2020.10.02-17.33.24:622][  0]LogConfig: Setting CVar [[r.EyeAdaptationQuality:2]]
[2020.10.02-17.33.24:622][  0]LogConfig: Setting CVar [[r.BloomQuality:5]]
[2020.10.02-17.33.24:622][  0]LogConfig: Setting CVar [[r.FastBlurThreshold:100]]
[2020.10.02-17.33.24:622][  0]LogConfig: Setting CVar [[r.Upscale.Quality:3]]
[2020.10.02-17.33.24:622][  0]LogConfig: Setting CVar [[r.Tonemapper.GrainQuantization:1]]
[2020.10.02-17.33.24:622][  0]LogConfig: Setting CVar [[r.LightShaftQuality:1]]
[2020.10.02-17.33.24:622][  0]LogConfig: Setting CVar [[r.Filter.SizeScale:1]]
[2020.10.02-17.33.24:622][  0]LogConfig: Setting CVar [[r.Tonemapper.Quality:5]]
[2020.10.02-17.33.24:622][  0]LogConfig: Setting CVar [[r.DOF.Gather.AccumulatorQuality:1        ; higher gathering accumulator quality]]
[2020.10.02-17.33.24:622][  0]LogConfig: Setting CVar [[r.DOF.Gather.PostfilterMethod:1          ; Median3x3 postfilering method]]
[2020.10.02-17.33.24:622][  0]LogConfig: Setting CVar [[r.DOF.Gather.EnableBokehSettings:0       ; no bokeh simulation when gathering]]
[2020.10.02-17.33.24:622][  0]LogConfig: Setting CVar [[r.DOF.Gather.RingCount:4                 ; medium number of samples when gathering]]
[2020.10.02-17.33.24:622][  0]LogConfig: Setting CVar [[r.DOF.Scatter.ForegroundCompositing:1    ; additive foreground scattering]]
[2020.10.02-17.33.24:622][  0]LogConfig: Setting CVar [[r.DOF.Scatter.BackgroundCompositing:2    ; additive background scattering]]
[2020.10.02-17.33.24:622][  0]LogConfig: Setting CVar [[r.DOF.Scatter.EnableBokehSettings:1      ; bokeh simulation when scattering]]
[2020.10.02-17.33.24:622][  0]LogConfig: Setting CVar [[r.DOF.Scatter.MaxSpriteRatio:0.1         ; only a maximum of 10% of scattered bokeh]]
[2020.10.02-17.33.24:622][  0]LogConfig: Setting CVar [[r.DOF.Recombine.Quality:1                ; cheap slight out of focus]]
[2020.10.02-17.33.24:622][  0]LogConfig: Setting CVar [[r.DOF.Recombine.EnableBokehSettings:0    ; no bokeh simulation on slight out of focus]]
[2020.10.02-17.33.24:622][  0]LogConfig: Setting CVar [[r.DOF.TemporalAAQuality:1                ; more stable temporal accumulation]]
[2020.10.02-17.33.24:622][  0]LogConfig: Setting CVar [[r.DOF.Kernel.MaxForegroundRadius:0.025]]
[2020.10.02-17.33.24:622][  0]LogConfig: Setting CVar [[r.DOF.Kernel.MaxBackgroundRadius:0.025]]
[2020.10.02-17.33.24:622][  0]LogConfig: Applying CVar settings from Section [TextureQuality@3] File [C:/Unreal Projects/GuildGame/Saved/Config/Windows/Scalability.ini]
[2020.10.02-17.33.24:622][  0]LogConfig: Setting CVar [[r.Streaming.MipBias:0]]
[2020.10.02-17.33.24:622][  0]LogConfig: Setting CVar [[r.Streaming.AmortizeCPUToGPUCopy:0]]
[2020.10.02-17.33.24:622][  0]LogConfig: Setting CVar [[r.Streaming.MaxNumTexturesToStreamPerFrame:0]]
[2020.10.02-17.33.24:622][  0]LogConfig: Setting CVar [[r.Streaming.Boost:1]]
[2020.10.02-17.33.24:622][  0]LogConfig: Setting CVar [[r.MaxAnisotropy:8]]
[2020.10.02-17.33.24:622][  0]LogConfig: Setting CVar [[r.VT.MaxAnisotropy:8]]
[2020.10.02-17.33.24:622][  0]LogConfig: Setting CVar [[r.Streaming.LimitPoolSizeToVRAM:0]]
[2020.10.02-17.33.24:622][  0]LogConfig: Setting CVar [[r.Streaming.PoolSize:1000]]
[2020.10.02-17.33.24:622][  0]LogConfig: Setting CVar [[r.Streaming.MaxEffectiveScreenSize:0]]
[2020.10.02-17.33.24:622][  0]LogConfig: Applying CVar settings from Section [EffectsQuality@3] File [C:/Unreal Projects/GuildGame/Saved/Config/Windows/Scalability.ini]
[2020.10.02-17.33.24:622][  0]LogConfig: Setting CVar [[r.TranslucencyLightingVolumeDim:64]]
[2020.10.02-17.33.24:622][  0]LogConfig: Setting CVar [[r.RefractionQuality:2]]
[2020.10.02-17.33.24:622][  0]LogConfig: Setting CVar [[r.SSR.Quality:3]]
[2020.10.02-17.33.24:622][  0]LogConfig: Setting CVar [[r.SSR.HalfResSceneColor:0]]
[2020.10.02-17.33.24:622][  0]LogConfig: Setting CVar [[r.SceneColorFormat:4]]
[2020.10.02-17.33.24:622][  0]LogConfig: Setting CVar [[r.DetailMode:2]]
[2020.10.02-17.33.24:622][  0]LogConfig: Setting CVar [[r.TranslucencyVolumeBlur:1]]
[2020.10.02-17.33.24:622][  0]LogConfig: Setting CVar [[r.MaterialQualityLevel:1 ; High quality]]
[2020.10.02-17.33.24:622][  0]LogConfig: Setting CVar [[r.SSS.Scale:1]]
[2020.10.02-17.33.24:622][  0]LogConfig: Setting CVar [[r.SSS.SampleSet:2]]
[2020.10.02-17.33.24:622][  0]LogConfig: Setting CVar [[r.SSS.Quality:1]]
[2020.10.02-17.33.24:622][  0]LogConfig: Setting CVar [[r.SSS.HalfRes:0]]
[2020.10.02-17.33.24:622][  0]LogConfig: Setting CVar [[r.SSGI.Quality:3]]
[2020.10.02-17.33.24:622][  0]LogConfig: Setting CVar [[r.EmitterSpawnRateScale:1.0]]
[2020.10.02-17.33.24:622][  0]LogConfig: Setting CVar [[r.ParticleLightQuality:2]]
[2020.10.02-17.33.24:622][  0]LogConfig: Setting CVar [[r.SkyAtmosphere.AerialPerspectiveLUT.FastApplyOnOpaque:1 ; Always have FastSkyLUT 1 in this case to avoid wrong sky]]
[2020.10.02-17.33.24:622][  0]LogConfig: Setting CVar [[r.SkyAtmosphere.AerialPerspectiveLUT.SampleCountPerSlice:1]]
[2020.10.02-17.33.24:622][  0]LogConfig: Setting CVar [[r.SkyAtmosphere.AerialPerspectiveLUT.DepthResolution:16.0]]
[2020.10.02-17.33.24:622][  0]LogConfig: Setting CVar [[r.SkyAtmosphere.FastSkyLUT:1]]
[2020.10.02-17.33.24:622][  0]LogConfig: Setting CVar [[r.SkyAtmosphere.FastSkyLUT.SampleCountMin:4.0]]
[2020.10.02-17.33.24:622][  0]LogConfig: Setting CVar [[r.SkyAtmosphere.FastSkyLUT.SampleCountMax:32.0]]
[2020.10.02-17.33.24:623][  0]LogConfig: Setting CVar [[r.SkyAtmosphere.SampleCountMin:4.0]]
[2020.10.02-17.33.24:623][  0]LogConfig: Setting CVar [[r.SkyAtmosphere.SampleCountMax:32.0]]
[2020.10.02-17.33.24:623][  0]LogConfig: Setting CVar [[r.SkyAtmosphere.TransmittanceLUT.UseSmallFormat:0]]
[2020.10.02-17.33.24:623][  0]LogConfig: Setting CVar [[r.SkyAtmosphere.TransmittanceLUT.SampleCount:10.0]]
[2020.10.02-17.33.24:623][  0]LogConfig: Setting CVar [[r.SkyAtmosphere.MultiScatteringLUT.SampleCount:15.0]]
[2020.10.02-17.33.24:623][  0]LogConfig: Applying CVar settings from Section [FoliageQuality@3] File [C:/Unreal Projects/GuildGame/Saved/Config/Windows/Scalability.ini]
[2020.10.02-17.33.24:623][  0]LogConfig: Setting CVar [[foliage.DensityScale:1.0]]
[2020.10.02-17.33.24:623][  0]LogConfig: Setting CVar [[grass.DensityScale:1.0]]
[2020.10.02-17.33.24:623][  0]LogConfig: Applying CVar settings from Section [ShadingQuality@3] File [C:/Unreal Projects/GuildGame/Saved/Config/Windows/Scalability.ini]
[2020.10.02-17.33.24:623][  0]LogConfig: Setting CVar [[r.HairStrands.SkyLighting.SampleCount:16]]
[2020.10.02-17.33.24:623][  0]LogConfig: Setting CVar [[r.HairStrands.SkyLighting.JitterIntegration:0]]
[2020.10.02-17.33.24:623][  0]LogConfig: Setting CVar [[r.HairStrands.SkyAO.SampleCount:16]]
[2020.10.02-17.33.24:623][  0]LogConfig: Setting CVar [[r.HairStrands.DeepShadow.SuperSampling:0]]
[2020.10.02-17.33.24:623][  0]LogConfig: Setting CVar [[r.HairStrands.VisibilityPPLL:0]]
[2020.10.02-17.33.24:623][  0]LogConfig: Setting CVar [[r.HairStrands.RasterizationScale:0.5]]
[2020.10.02-17.33.24:623][  0]LogConfig: Setting CVar [[r.HairStrands.VelocityRasterizationScale:1]]
[2020.10.02-17.33.24:623][  0]LogConfig: Applying CVar settings from Section [Startup] File [../../../Engine/Config/ConsoleVariables.ini]
[2020.10.02-17.33.24:656][  0]LogConfig: Setting CVar [[net.UseAdaptiveNetUpdateFrequency:0]]
[2020.10.02-17.33.24:656][  0]LogConfig: Setting CVar [[p.chaos.AllowCreatePhysxBodies:1]]
[2020.10.02-17.33.24:656][  0]LogConfig: Setting CVar [[fx.SkipVectorVMBackendOptimizations:1]]
[2020.10.02-17.33.24:656][  0]LogConfig: Applying CVar settings from Section [ConsoleVariables] File [C:/Unreal Projects/GuildGame/Saved/Config/Windows/Engine.ini]
[2020.10.02-17.33.24:676][  0]LogInit: Computer: DESKTOP-7FBA03P
[2020.10.02-17.33.24:676][  0]LogInit: User: ataip
[2020.10.02-17.33.24:689][  0]LogInit: CPU Page size=4096, Cores=4
[2020.10.02-17.33.24:689][  0]LogInit: High frequency timer resolution =10.000000 MHz
[2020.10.02-17.33.24:689][  0]LogMemory: Memory total: Physical=8.0GB (8GB approx)
[2020.10.02-17.33.24:694][  0]LogMemory: Platform Memory Stats for Windows
[2020.10.02-17.33.24:694][  0]LogMemory: Process Physical Memory: 115.71 MB used, 115.71 MB peak
[2020.10.02-17.33.24:694][  0]LogMemory: Process Virtual Memory: 104.18 MB used, 104.18 MB peak
[2020.10.02-17.33.24:694][  0]LogMemory: Physical Memory: 4845.95 MB used,  3297.70 MB free, 8143.64 MB total
[2020.10.02-17.33.24:694][  0]LogMemory: Virtual Memory: 5153.18 MB used,  134212576.00 MB free, 134217728.00 MB total
[2020.10.02-17.33.24:701][  0]LogWindows: WindowsPlatformFeatures enabled
[2020.10.02-17.33.25:896][  0]LogInit: Physics initialised using underlying interface: PhysX
[2020.10.02-17.33.25:974][  0]LogInit: Using OS detected language (tr-TR).
[2020.10.02-17.33.25:974][  0]LogInit: Using OS detected locale (tr-TR).
[2020.10.02-17.33.26:148][  0]LogTextLocalizationManager: No localization for 'tr-TR' exists, so 'en' will be used for the language.
[2020.10.02-17.33.27:483][  0]LogInit: Setting process to per monitor DPI aware
[2020.10.02-17.33.28:392][  0]LogSlate: New Slate User Created.  User Index 0, Is Virtual User: 0
[2020.10.02-17.33.28:392][  0]LogSlate: Slate User Registered.  User Index 0, Is Virtual User: 0
[2020.10.02-17.33.31:675][  0]LogHMD: Failed to initialize OpenVR with code 110
[2020.10.02-17.33.31:675][  0]LogD3D11RHI: D3D11 min allowed feature level: 11_0
[2020.10.02-17.33.31:675][  0]LogD3D11RHI: D3D11 max allowed feature level: 11_0
[2020.10.02-17.33.31:675][  0]LogD3D11RHI: D3D11 adapters:
[2020.10.02-17.33.31:767][  0]LogD3D11RHI:    0. 'NVIDIA GeForce GTX 980' (Feature Level 11_0)
[2020.10.02-17.33.31:767][  0]LogD3D11RHI:       4053/0/4071 MB DedicatedVideo/DedicatedSystem/SharedSystem, Outputs:2, VendorId:0x10de
[2020.10.02-17.33.31:770][  0]LogD3D11RHI:    1. 'Microsoft Basic Render Driver' (Feature Level 11_0)
[2020.10.02-17.33.31:770][  0]LogD3D11RHI:       0/0/4071 MB DedicatedVideo/DedicatedSystem/SharedSystem, Outputs:0, VendorId:0x1414
[2020.10.02-17.33.31:770][  0]LogD3D11RHI: Chosen D3D11 Adapter: 0
[2020.10.02-17.33.31:797][  0]LogD3D11RHI: Creating new Direct3DDevice
[2020.10.02-17.33.31:797][  0]LogD3D11RHI:     GPU DeviceId: 0x13c0 (for the marketing name, search the web for "GPU Device Id")
[2020.10.02-17.33.31:797][  0]LogWindows: EnumDisplayDevices:
[2020.10.02-17.33.31:797][  0]LogWindows:    0. 'NVIDIA GeForce GTX 980' (P:1 D:1)
[2020.10.02-17.33.31:797][  0]LogWindows:    1. 'NVIDIA GeForce GTX 980' (P:0 D:1)
[2020.10.02-17.33.31:798][  0]LogWindows:    2. 'NVIDIA GeForce GTX 980' (P:0 D:0)
[2020.10.02-17.33.31:798][  0]LogWindows:    3. 'NVIDIA GeForce GTX 980' (P:0 D:0)
[2020.10.02-17.33.31:798][  0]LogWindows: DebugString: FoundDriverCount:4 
[2020.10.02-17.33.31:798][  0]LogD3D11RHI:     Adapter Name: NVIDIA GeForce GTX 980
[2020.10.02-17.33.31:798][  0]LogD3D11RHI:   Driver Version: 442.74 (internal:26.21.14.4274, unified:442.74)
[2020.10.02-17.33.31:798][  0]LogD3D11RHI:      Driver Date: 3-13-2020
[2020.10.02-17.33.31:799][  0]LogRHI: Texture pool is 2837 MB (70% of 4053 MB)
[2020.10.02-17.33.31:851][  0]LogD3D11RHI: RHI has support for 64 bit atomics
[2020.10.02-17.33.31:889][  0]LogD3D11RHI: [Aftermath] Enabled and primed
[2020.10.02-17.33.31:889][  0]LogD3D11RHI: Async texture creation enabled
[2020.10.02-17.33.31:889][  0]LogD3D11RHI: Array index from any shader is supported
[2020.10.02-17.33.32:336][  0]LogD3D11RHI: GPU Timing Frequency: 1000.000000 (Debug: 2 1)
[2020.10.02-17.33.34:413][  0]LogTargetPlatformManager: Display: Loaded TargetPlatform 'AllDesktop'
[2020.10.02-17.33.34:692][  0]LogTargetPlatformManager: Display: Loaded TargetPlatform 'Android'
[2020.10.02-17.33.34:692][  0]LogTargetPlatformManager: Display: Loaded TargetPlatform 'Android_ASTC'
[2020.10.02-17.33.34:692][  0]LogTargetPlatformManager: Display: Loaded TargetPlatform 'Android_DXT'
[2020.10.02-17.33.34:692][  0]LogTargetPlatformManager: Display: Loaded TargetPlatform 'Android_ETC2'
[2020.10.02-17.33.34:692][  0]LogTargetPlatformManager: Display: Loaded TargetPlatform 'AndroidClient'
[2020.10.02-17.33.34:692][  0]LogTargetPlatformManager: Display: Loaded TargetPlatform 'Android_ASTCClient'
[2020.10.02-17.33.34:692][  0]LogTargetPlatformManager: Display: Loaded TargetPlatform 'Android_DXTClient'
[2020.10.02-17.33.34:692][  0]LogTargetPlatformManager: Display: Loaded TargetPlatform 'Android_ETC2Client'
[2020.10.02-17.33.34:692][  0]LogTargetPlatformManager: Display: Loaded TargetPlatform 'Android_Multi'
[2020.10.02-17.33.34:692][  0]LogTargetPlatformManager: Display: Loaded TargetPlatform 'Android_MultiClient'
[2020.10.02-17.33.34:906][  0]LogTargetPlatformManager: Display: Loaded TargetPlatform 'IOSClient'
[2020.10.02-17.33.34:907][  0]LogTargetPlatformManager: Display: Loaded TargetPlatform 'IOS'
[2020.10.02-17.33.34:946][  0]LogTargetPlatformManager: Display: Loaded TargetPlatform 'Linux'
[2020.10.02-17.33.34:968][  0]LogTargetPlatformManager: Display: Loaded TargetPlatform 'LinuxNoEditor'
[2020.10.02-17.33.34:995][  0]LogTargetPlatformManager: Display: Loaded TargetPlatform 'LinuxClient'
[2020.10.02-17.33.35:017][  0]LogTargetPlatformManager: Display: Loaded TargetPlatform 'LinuxServer'
[2020.10.02-17.33.35:042][  0]LogTargetPlatformManager: Display: Loaded TargetPlatform 'LinuxAArch64NoEditor'
[2020.10.02-17.33.35:068][  0]LogTargetPlatformManager: Display: Loaded TargetPlatform 'LinuxAArch64Client'
[2020.10.02-17.33.35:090][  0]LogTargetPlatformManager: Display: Loaded TargetPlatform 'LinuxAArch64Server'
[2020.10.02-17.33.35:151][  0]LogTargetPlatformManager: Display: Loaded TargetPlatform 'Lumin'
[2020.10.02-17.33.35:151][  0]LogTargetPlatformManager: Display: Loaded TargetPlatform 'LuminClient'
[2020.10.02-17.33.35:186][  0]LogTargetPlatformManager: Display: Loaded TargetPlatform 'TVOSClient'
[2020.10.02-17.33.35:186][  0]LogTargetPlatformManager: Display: Loaded TargetPlatform 'TVOS'
[2020.10.02-17.33.35:225][  0]LogTargetPlatformManager: Display: Loaded TargetPlatform 'WindowsNoEditor'
[2020.10.02-17.33.35:262][  0]LogTargetPlatformManager: Display: Loaded TargetPlatform 'Windows'
[2020.10.02-17.33.35:285][  0]LogTargetPlatformManager: Display: Loaded TargetPlatform 'WindowsClient'
[2020.10.02-17.33.35:308][  0]LogTargetPlatformManager: Display: Loaded TargetPlatform 'WindowsServer'
[2020.10.02-17.33.35:308][  0]LogTargetPlatformManager: Display: Building Assets For Windows
[2020.10.02-17.33.35:553][  0]LogAudioDebug: Display: Lib vorbis DLL was dynamically loaded.
[2020.10.02-17.33.36:295][  0]LogShaderCompilers: Guid format shader working directory is 17 characters bigger than the processId version (C:/Unreal Projects/GuildGame/Intermediate/Shaders/WorkingDirectory/14008/).
[2020.10.02-17.33.36:295][  0]LogShaderCompilers: Cleaned the shader compiler working directory 'C:/Users/ataip/AppData/Local/Temp/UnrealShaderWorkingDir/91221CD34F99388A029A1282F31D93DD/'.
[2020.10.02-17.33.36:326][  0]LogXGEController: Cleaning working directory: C:/Users/ataip/AppData/Local/Temp/UnrealXGEWorkingDir/
[2020.10.02-17.33.36:326][  0]LogXGEController: Cannot use XGE Controller as Incredibuild is not installed on this machine.
[2020.10.02-17.33.36:326][  0]LogShaderCompilers: Cannot use XGE Shader Compiler as Incredibuild is not installed on this machine.
[2020.10.02-17.33.36:326][  0]LogShaderCompilers: Display: Using Local Shader Compiler.
[2020.10.02-17.33.42:547][  0]LogDerivedDataCache: Display: Max Cache Size: 512 MB
[2020.10.02-17.33.42:754][  0]LogDerivedDataCache: Loaded boot cache 0.21s 75MB C:/Users/ataip/AppData/Local/UnrealEngine/4.25/DerivedDataCache/Boot.ddc.
[2020.10.02-17.33.42:754][  0]LogDerivedDataCache: Display: Loaded Boot cache: C:/Users/ataip/AppData/Local/UnrealEngine/4.25/DerivedDataCache/Boot.ddc
[2020.10.02-17.33.42:754][  0]LogDerivedDataCache: FDerivedDataBackendGraph:  Pak pak cache file C:/Unreal Projects/GuildGame/DerivedDataCache/DDC.ddp not found, will not use a pak cache.
[2020.10.02-17.33.42:754][  0]LogDerivedDataCache: Unable to find inner node Pak for hierarchical cache Hierarchy.
[2020.10.02-17.33.42:755][  0]LogDerivedDataCache: FDerivedDataBackendGraph:  CompressedPak pak cache file C:/Unreal Projects/GuildGame/DerivedDataCache/Compressed.ddp not found, will not use a pak cache.
[2020.10.02-17.33.42:755][  0]LogDerivedDataCache: Unable to find inner node CompressedPak for hierarchical cache Hierarchy.
[2020.10.02-17.33.42:833][  0]LogDerivedDataCache: Display: Pak cache opened for reading ../../../Engine/DerivedDataCache/Compressed.ddp.
[2020.10.02-17.33.42:833][  0]LogDerivedDataCache: FDerivedDataBackendGraph:  EnterprisePak pak cache file ../../../Enterprise/DerivedDataCache/Compressed.ddp not found, will not use a pak cache.
[2020.10.02-17.33.42:833][  0]LogDerivedDataCache: Unable to find inner node EnterprisePak for hierarchical cache Hierarchy.
[2020.10.02-17.33.42:835][  0]LogDerivedDataCache: Using Local data cache path C:/Users/ataip/AppData/Local/UnrealEngine/Common/DerivedDataCache: Writable
[2020.10.02-17.33.42:835][  0]LogDerivedDataCache: Shared data cache path not found in *engine.ini, will not use an Shared cache.
[2020.10.02-17.33.42:835][  0]LogDerivedDataCache: Unable to find inner node Shared for hierarchical cache Hierarchy.
[2020.10.02-17.33.43:029][  0]LogSlate: Using FreeType 2.10.0
[2020.10.02-17.33.43:109][  0]LogSlate: SlateFontServices - WITH_FREETYPE: 1, WITH_HARFBUZZ: 1
[2020.10.02-17.33.44:076][  0]LogAssetRegistry: FAssetRegistry took 0.0288 seconds to start up
[2020.10.02-17.33.50:592][  0]LogInit: Selected Device Profile: [Windows]
[2020.10.02-17.33.52:544][  0]LogMeshReduction: Using QuadricMeshReduction for automatic static mesh reduction
[2020.10.02-17.33.52:544][  0]LogMeshReduction: Using SimplygonMeshReduction for automatic skeletal mesh reduction
[2020.10.02-17.33.52:544][  0]LogMeshReduction: Using ProxyLODMeshReduction for automatic mesh merging
[2020.10.02-17.33.52:544][  0]LogMeshReduction: No distributed automatic mesh merging module available
[2020.10.02-17.33.52:545][  0]LogMeshMerging: No distributed automatic mesh merging module available
[2020.10.02-17.33.53:093][  0]LogNetVersion: GuildGame 1.0.0, NetCL: 13144385, EngineNetVer: 14, GameNetVer: 0 (Checksum: 536286571)
[2020.10.02-17.34.04:069][  0]LogAISub: UAISubsystem::UAISubsystem AISubsystem (0000020C5F05E980), frame # 0
[2020.10.02-17.34.04:069][  0]LogAISub: UAISubsystem::UAISubsystem AIPerceptionSystem (0000020C5EF58680), frame # 0
[2020.10.02-17.34.04:093][  0]LogAISub: UAISubsystem::UAISubsystem EnvQueryManager (0000020C5EF6DC00), frame # 0
[2020.10.02-17.34.04:499][  0]LogPackageLocalizationCache: Processed 20 localized package path(s) for 1 prioritized culture(s) in 0.087188 seconds
[2020.10.02-17.34.04:523][  0]LogUObjectArray: 15917 objects as part of root set at end of initial load.
[2020.10.02-17.34.04:523][  0]LogUObjectAllocator: 3965568 out of 0 bytes used by permanent object pool.
[2020.10.02-17.34.04:523][  0]LogUObjectArray: CloseDisregardForGC: 0/0 objects in disregard for GC pool
[2020.10.02-17.34.09:773][  0]LogTcpMessaging: Initializing TcpMessaging bridge
[2020.10.02-17.34.09:827][  0]LogUdpMessaging: Initializing bridge on interface 0.0.0.0:0 to multicast group 230.0.0.1:6666.
[2020.10.02-17.34.10:089][  0]FLogRiderLinkModule: Warning: INIT START
[2020.10.02-17.34.10:089][  0]FLogRiderLinkModule: Warning: INIT FINISH
[2020.10.02-17.34.10:667][  0]SourceControl: Source control is disabled
[2020.10.02-17.34.10:668][  0]SourceControl: Source control is disabled
[2020.10.02-17.34.10:747][  0]SourceControl: Source control is disabled
[2020.10.02-17.34.10:781][  0]SourceControl: Source control is disabled
[2020.10.02-17.34.10:840][  0]SourceControl: Source control is disabled
[2020.10.02-17.34.13:615][  0]LogAndroidPermission: UAndroidPermissionCallbackProxy::GetInstance
[2020.10.02-17.34.13:820][  0]LogAudioCaptureCore: Display: No Audio Capture implementations found. Audio input will be silent.
[2020.10.02-17.34.13:820][  0]LogAudioCaptureCore: Display: No Audio Capture implementations found. Audio input will be silent.
[2020.10.02-17.34.14:198][  0]LogOcInput: OculusInput pre-init called
[2020.10.02-17.34.14:266][  0]LogWindows: Failed to load 'OVRPlugin.dll' (GetLastError=126)
[2020.10.02-17.34.14:266][  0]LogWindows: File 'OVRPlugin.dll' does not exist
[2020.10.02-17.34.15:689][  0]LogEngine: Initializing Engine...
[2020.10.02-17.34.15:709][  0]LogHMD: Failed to initialize OpenVR with code 110
[2020.10.02-17.34.15:709][  0]LogMagicLeap: Warning: VR disabled because ZI is not enabled.  To enable, in the editor, Edit -> Project Settings -> Plugins -> Magic Leap Plugin -> Enable Zero Iteration
[2020.10.02-17.34.15:765][  0]LogStats: UGameplayTagsManager::InitializeManager -  0.020 s
[2020.10.02-17.34.16:530][  0]LogInit: Initializing FReadOnlyCVARCache
[2020.10.02-17.34.16:988][  0]LogAIModule: Creating AISystem for world Untitled
[2020.10.02-17.34.16:988][  0]LogAISub: UAISubsystem::UAISubsystem EnvQueryManager (0000020C6760FC00), frame # 0
[2020.10.02-17.34.16:995][  0]LogAISub: UAISubsystem::UAISubsystem AIPerceptionSystem (0000020C67690CC0), frame # 0
[2020.10.02-17.34.17:131][  0]LogAudioMixer: Display: Audio Mixer Platform Settings:
[2020.10.02-17.34.17:131][  0]LogAudioMixer: Display: 	Sample Rate:						  48000
[2020.10.02-17.34.17:131][  0]LogAudioMixer: Display: 	Callback Buffer Frame Size Requested: 1024
[2020.10.02-17.34.17:131][  0]LogAudioMixer: Display: 	Callback Buffer Frame Size To Use:	  1024
[2020.10.02-17.34.17:131][  0]LogAudioMixer: Display: 	Number of buffers to queue:			  2
[2020.10.02-17.34.17:131][  0]LogAudioMixer: Display: 	Max Channels (voices):				  32
[2020.10.02-17.34.17:131][  0]LogAudioMixer: Display: 	Number of Async Source Workers:		  0
[2020.10.02-17.34.17:138][  0]LogAudio: Display: AudioDevice MaxSources: 32
[2020.10.02-17.34.17:157][  0]LogAudio: Display: Using built-in audio occlusion.
[2020.10.02-17.34.17:157][  0]LogAudioMixer: Display: Initializing audio mixer.
[2020.10.02-17.34.17:306][  0]LogAudioMixer: Display: 0: FrontLeft
[2020.10.02-17.34.17:306][  0]LogAudioMixer: Display: 1: FrontRight
[2020.10.02-17.34.17:337][  0]LogAudioMixer: Display: Using Audio Device Hoparlör (ASUS TUF H5 Headset)
[2020.10.02-17.34.17:368][  0]LogAudioMixer: Display: Initializing Sound Submixes...
[2020.10.02-17.34.17:450][  0]LogAudioMixer: Display: Creating Master Submix 'MasterSubmixDefault'
[2020.10.02-17.34.17:450][  0]LogAudioMixer: Display: Creating Master Submix 'MasterReverbSubmixDefault'
[2020.10.02-17.34.17:460][  0]LogAudioMixer: Display: Creating Master Submix 'MasterEQSubmixDefault'
[2020.10.02-17.34.17:461][  0]LogInit: FAudioDevice initialized.
[2020.10.02-17.34.17:467][  0]LogNetVersion: Set ProjectVersion to 1.0.0.0. Version Checksum will be recalculated on next use.
[2020.10.02-17.34.17:548][  0]LogDerivedDataCache: Saved boot cache 0.08s 75MB C:/Users/ataip/AppData/Local/UnrealEngine/4.25/DerivedDataCache/Boot.ddc.
[2020.10.02-17.34.17:555][  0]LogInit: Texture streaming: Enabled
[2020.10.02-17.34.17:743][  0]LogEngineSessionManager: EngineSessionManager initialized
[2020.10.02-17.34.17:743][  0]LogEditorSessionSummary: Verbose: Initializing EditorSessionSummaryWriter for editor session tracking
[2020.10.02-17.34.17:806][  0]LogEditorSessionSummary: EditorSessionSummaryWriter initialized
[2020.10.02-17.34.18:124][  0]LogInit: Transaction tracking system initialized
[2020.10.02-17.34.18:454][  0]BlueprintLog: New page: Editor Load
[2020.10.02-17.34.19:676][  0]LocalizationService: Localization service is disabled
[2020.10.02-17.34.22:809][  0]LogFileCache: Scanning file cache for directory 'C:/Unreal Projects/GuildGame/Content/' took 0.03s
[2020.10.02-17.34.22:809][  0]LogCook: Display: Max memory allowance for cook 16384mb min free memory 0mb
[2020.10.02-17.34.22:809][  0]LogCook: Display: Mobile HDR setting 1
[2020.10.02-17.34.27:016][  0]SourceControl: Source control is disabled
[2020.10.02-17.34.27:030][  0]LogUnrealEdMisc: Loading editor; pre map load, took 83.136
[2020.10.02-17.34.27:057][  0]Cmd: MAP LOAD FILE="C:/Unreal Projects/GuildGame/Content/TestMap.umap" TEMPLATE=0 SHOWPROGRESS=1 FEATURELEVEL=3
[2020.10.02-17.34.27:071][  0]LightingResults: New page: Lighting Build
[2020.10.02-17.34.27:176][  0]LogWorld: UWorld::CleanupWorld for Untitled, bSessionEnded=true, bCleanupResources=true
[2020.10.02-17.34.27:198][  0]LogSlate: InvalidateAllWidgets triggered.  All widgets were invalidated
[2020.10.02-17.34.27:222][  0]MapCheck: New page: Map Check
[2020.10.02-17.34.27:222][  0]LightingResults: New page: Lighting Build
[2020.10.02-17.34.27:486][  0]LogAISub: UAISubsystem::~UAISubsystem EnvQueryManager (0000020C6760FC00), frame # 0
[2020.10.02-17.34.27:486][  0]LogAISub: UAISubsystem::~UAISubsystem AIPerceptionSystem (0000020C67690CC0), frame # 0
[2020.10.02-17.34.27:487][  0]LogUObjectHash: Compacting FUObjectHashTables data took   0.63ms
[2020.10.02-17.34.28:380][  0]LogAIModule: Creating AISystem for world TestMap
[2020.10.02-17.34.28:380][  0]LogAISub: UAISubsystem::UAISubsystem EnvQueryManager (0000020C56D00400), frame # 0
[2020.10.02-17.34.28:380][  0]LogAISub: UAISubsystem::UAISubsystem AIPerceptionSystem (0000020C5C4179C0), frame # 0
[2020.10.02-17.34.28:787][  0]LogEditorServer: Finished looking for orphan Actors (0.000 secs)
[2020.10.02-17.34.28:895][  0]LogUObjectHash: Compacting FUObjectHashTables data took   0.78ms
[2020.10.02-17.34.28:895][  0]Cmd: MAP CHECKDEP NOCLEARLOG
[2020.10.02-17.34.28:914][  0]MapCheck: Map check complete: 0 Error(s), 0 Warning(s), took 13,377ms to complete.
[2020.10.02-17.34.28:914][  0]LogFileHelpers: Loading map 'TestMap' took 1.870
[2020.10.02-17.34.29:839][  0]LogUnrealEdMisc: Total Editor Startup Time, took 85.944
[2020.10.02-17.34.30:441][  0]LogSlate: Updating window title bar state: overlay mode, drag disabled, window buttons hidden, title bar hidden
[2020.10.02-17.34.30:451][  0]LogSlate: Updating window title bar state: overlay mode, drag disabled, window buttons hidden, title bar hidden
[2020.10.02-17.34.30:458][  0]LogSlate: Updating window title bar state: overlay mode, drag disabled, window buttons hidden, title bar hidden
[2020.10.02-17.34.30:465][  0]LogSlate: Updating window title bar state: overlay mode, drag disabled, window buttons hidden, title bar hidden
[2020.10.02-17.34.30:564][  0]LogCollectionManager: Loaded 0 collections in 0.000701 seconds
[2020.10.02-17.34.30:671][  0]LogFileCache: Scanning file cache for directory 'C:/Unreal Projects/GuildGame/Saved/Collections/' took 0.00s
[2020.10.02-17.34.30:672][  0]LogFileCache: Scanning file cache for directory 'C:/Unreal Projects/GuildGame/Content/Developers/ataip/Collections/' took 0.00s
[2020.10.02-17.34.30:672][  0]LogFileCache: Scanning file cache for directory 'C:/Unreal Projects/GuildGame/Content/Collections/' took 0.00s
[2020.10.02-17.34.30:672][  0]LogContentBrowser: Native class hierarchy populated in 0.0284 seconds. Added 3431 classes and 824 folders.
[2020.10.02-17.34.30:789][  0]LogContentBrowser: Native class hierarchy updated for 'WidgetCarousel' in 0.0004 seconds. Added 0 classes and 0 folders.
[2020.10.02-17.34.31:723][  0]LogContentBrowser: Native class hierarchy updated for 'AddContentDialog' in 0.0004 seconds. Added 0 classes and 0 folders.
[2020.10.02-17.34.31:796][  0]LogContentBrowser: Native class hierarchy updated for 'SceneOutliner' in 0.0005 seconds. Added 2 classes and 0 folders.
[2020.10.02-17.34.32:154][  0]LogSlate: Took 0.014306 seconds to synchronously load lazily loaded font '../../../Engine/Content/Slate/Fonts/Roboto-Regular.ttf' (155K)
[2020.10.02-17.34.32:224][  0]LogSlate: Took 0.039175 seconds to synchronously load lazily loaded font '../../../Engine/Content/Slate/Fonts/Roboto-Bold.ttf' (160K)
[2020.10.02-17.34.32:289][  0]LogSlate: Took 0.019387 seconds to synchronously load lazily loaded font '../../../Engine/Content/Editor/Slate/Fonts/FontAwesome.ttf' (139K)
[2020.10.02-17.34.32:765][  0]LogRenderer: Reallocating scene render targets to support 1208x580 Format 10 NumSamples 1 (Frame:1).
[2020.10.02-17.34.33:144][  0]LogSlate: Took 0.039526 seconds to synchronously load lazily loaded font '../../../Engine/Content/Slate/Fonts/Roboto-Light.ttf' (167K)
[2020.10.02-17.34.33:303][  0]LogContentBrowser: Native class hierarchy updated for 'HierarchicalLODOutliner' in 0.0004 seconds. Added 0 classes and 0 folders.
[2020.10.02-17.34.33:303][  0]LogLoad: (Engine Initialization) Total time: 89.41 seconds
[2020.10.02-17.34.33:303][  0]LogLoad: (Engine Initialization) Total Blueprint compile time: 0.00 seconds
[2020.10.02-17.34.33:488][  0]LogAssetRegistry: Asset discovery search completed in 49.4195 seconds
[2020.10.02-17.34.33:492][  0]LogCollectionManager: Fixed up redirectors for 0 collections in 0.000004 seconds (updated 0 objects)
[2020.10.02-17.34.33:592][  0]LogContentStreaming: Texture pool size now 1000 MB
[2020.10.02-17.34.34:725][  4]LogSlate: Took 0.000152 seconds to synchronously load lazily loaded font '../../../Engine/Content/Slate/Fonts/Roboto-Light.ttf' (167K)
[2020.10.02-17.40.03:882][374]LogHotReload: New module detected: UE4Editor-GuildGame-0003.dll
[2020.10.02-17.40.06:250][382]LogHotReload: Starting Hot-Reload from IDE
[2020.10.02-17.40.06:429][382]LogContentBrowser: Native class hierarchy updated for 'GuildGame' in 0.0008 seconds. Added 4 classes and 3 folders.
[2020.10.02-17.40.06:433][382]Display: HotReload successful (0 functions remapped  0 scriptstructs remapped)
[2020.10.02-17.40.08:213][382]LogContentBrowser: Native class hierarchy populated in 0.0090 seconds. Added 3431 classes and 824 folders.
[2020.10.02-17.40.08:372][382]Display: HotReload took  2.1s.
[2020.10.02-17.40.14:931][ 34]LogAssetEditorSubsystem: Opening Asset editor for Blueprint /Game/Blueprints/BPGridFloor.BPGridFloor
[2020.10.02-17.40.16:778][ 34]LogContentBrowser: Native class hierarchy updated for 'BlueprintGraph' in 0.0010 seconds. Added 125 classes and 0 folders.
[2020.10.02-17.40.19:104][ 34]LogSlate: The tab "CompilerResults" attempted to spawn but failed for some reason. An "unrecognized tab" will be returned instead.
[2020.10.02-17.40.19:104][ 34]LogSlate: The tab "CompilerResults" attempted to spawn but failed for some reason. An "unrecognized tab" will be returned instead.
[2020.10.02-17.40.19:105][ 34]LogSlate: The tab "CompilerResults" attempted to spawn but failed for some reason. An "unrecognized tab" will be returned instead.
[2020.10.02-17.40.19:238][ 34]LogPrimitiveComponent: Warning: CreateAndSetMaterialInstanceDynamic on /Engine/Transient.World_1:PersistentLevel.BPGridFloor_C_0.CustomMesh: Material index 0 is invalid.
[2020.10.02-17.40.19:238][ 34]LogPrimitiveComponent: Warning: CreateAndSetMaterialInstanceDynamic on /Engine/Transient.World_1:PersistentLevel.BPGridFloor_C_0.SelectionMesh: Material index 0 is invalid.
[2020.10.02-17.40.23:979][457]LogSlate: Window 'BPGridFloor' being destroyed
[2020.10.02-17.40.24:064][457]LogWorld: UWorld::CleanupWorld for World_1, bSessionEnded=true, bCleanupResources=true
[2020.10.02-17.40.24:064][457]LogSlate: InvalidateAllWidgets triggered.  All widgets were invalidated
[2020.10.02-17.40.24:370][457]LogAssetEditorSubsystem: Opening Asset editor for Blueprint /Game/Blueprints/BPGridFloor.BPGridFloor
[2020.10.02-17.40.24:884][457]LogPrimitiveComponent: Warning: CreateAndSetMaterialInstanceDynamic on /Engine/Transient.World_2:PersistentLevel.BPGridFloor_C_0.CustomMesh: Material index 0 is invalid.
[2020.10.02-17.40.24:884][457]LogPrimitiveComponent: Warning: CreateAndSetMaterialInstanceDynamic on /Engine/Transient.World_2:PersistentLevel.BPGridFloor_C_0.SelectionMesh: Material index 0 is invalid.
[2020.10.02-17.40.24:932][457]LogSlate: Took 0.044834 seconds to synchronously load lazily loaded font '../../../Engine/Content/Slate/Fonts/Roboto-BoldCondensed.ttf' (158K)
[2020.10.02-17.40.27:669][674]LogPrimitiveComponent: Warning: CreateAndSetMaterialInstanceDynamic on /Engine/Transient.World_2:PersistentLevel.BPGridFloor_C_0.CustomMesh: Material index 0 is invalid.
[2020.10.02-17.40.27:669][674]LogPrimitiveComponent: Warning: CreateAndSetMaterialInstanceDynamic on /Engine/Transient.World_2:PersistentLevel.BPGridFloor_C_0.SelectionMesh: Material index 0 is invalid.
[2020.10.02-17.40.27:697][675]LogRenderer: Reallocating scene render targets to support 1208x700 Format 10 NumSamples 1 (Frame:1).
[2020.10.02-17.40.45:415][386]BlueprintLog: New page: Compile BPGridFloor
[2020.10.02-17.40.45:555][386]LogPrimitiveComponent: Warning: CreateAndSetMaterialInstanceDynamic on /Game/TestMap.TestMap:PersistentLevel.BPGridFloor_12.CustomMesh: Material index 0 is invalid.
[2020.10.02-17.40.45:555][386]LogPrimitiveComponent: Warning: CreateAndSetMaterialInstanceDynamic on /Game/TestMap.TestMap:PersistentLevel.BPGridFloor_12.SelectionMesh: Material index 0 is invalid.
[2020.10.02-17.40.45:569][386]LogPrimitiveComponent: Warning: CreateAndSetMaterialInstanceDynamic on /Engine/Transient.World_2:PersistentLevel.BPGridFloor_C_0.CustomMesh: Material index 0 is invalid.
[2020.10.02-17.40.45:569][386]LogPrimitiveComponent: Warning: CreateAndSetMaterialInstanceDynamic on /Engine/Transient.World_2:PersistentLevel.BPGridFloor_C_0.SelectionMesh: Material index 0 is invalid.
[2020.10.02-17.40.45:895][386]LogUObjectHash: Compacting FUObjectHashTables data took   2.15ms
[2020.10.02-17.40.45:909][386]LogPrimitiveComponent: Warning: CreateAndSetMaterialInstanceDynamic on /Game/TestMap.TestMap:PersistentLevel.BPGridFloor_12.CustomMesh: Material index 0 is invalid.
[2020.10.02-17.40.45:909][386]LogPrimitiveComponent: Warning: CreateAndSetMaterialInstanceDynamic on /Game/TestMap.TestMap:PersistentLevel.BPGridFloor_12.SelectionMesh: Material index 0 is invalid.
[2020.10.02-17.40.45:910][386]LogPrimitiveComponent: Warning: CreateAndSetMaterialInstanceDynamic on /Engine/Transient.World_2:PersistentLevel.BPGridFloor_C_0.CustomMesh: Material index 0 is invalid.
[2020.10.02-17.40.45:910][386]LogPrimitiveComponent: Warning: CreateAndSetMaterialInstanceDynamic on /Engine/Transient.World_2:PersistentLevel.BPGridFloor_C_0.SelectionMesh: Material index 0 is invalid.
[2020.10.02-17.40.45:914][386]LogPrimitiveComponent: Warning: CreateAndSetMaterialInstanceDynamic on /Game/TestMap.TestMap:PersistentLevel.BPGridFloor_12.CustomMesh: Material index 0 is invalid.
[2020.10.02-17.40.45:914][386]LogPrimitiveComponent: Warning: CreateAndSetMaterialInstanceDynamic on /Game/TestMap.TestMap:PersistentLevel.BPGridFloor_12.SelectionMesh: Material index 0 is invalid.
[2020.10.02-17.40.45:915][386]LogPrimitiveComponent: Warning: CreateAndSetMaterialInstanceDynamic on /Engine/Transient.World_2:PersistentLevel.BPGridFloor_C_0.CustomMesh: Material index 0 is invalid.
[2020.10.02-17.40.45:915][386]LogPrimitiveComponent: Warning: CreateAndSetMaterialInstanceDynamic on /Engine/Transient.World_2:PersistentLevel.BPGridFloor_C_0.SelectionMesh: Material index 0 is invalid.
[2020.10.02-17.40.46:019][386]LogPrimitiveComponent: Warning: CreateAndSetMaterialInstanceDynamic on /Engine/Transient.World_2:PersistentLevel.BPGridFloor_C_0.CustomMesh: Material index 0 is invalid.
[2020.10.02-17.40.46:019][386]LogPrimitiveComponent: Warning: CreateAndSetMaterialInstanceDynamic on /Engine/Transient.World_2:PersistentLevel.BPGridFloor_C_0.SelectionMesh: Material index 0 is invalid.
[2020.10.02-17.40.46:077][386]LogSlate: Took 0.046184 seconds to synchronously load lazily loaded font '../../../Engine/Content/Slate/Fonts/DroidSansMono.ttf' (77K)
[2020.10.02-17.40.51:008][850]LogEditorViewport: Clicking on Actor (LMB): BPGridFloor_C (BPGridFloor)
[2020.10.02-17.41.02:426][288]LogSlate: Took 0.036831 seconds to synchronously load lazily loaded font '../../../Engine/Content/Slate/Fonts/Roboto-Italic.ttf' (157K)
[2020.10.02-17.41.20:803][342]LogHotReload: New module detected: UE4Editor-GuildGame-0004.dll
[2020.10.02-17.41.22:494][348]LogHotReload: Starting Hot-Reload from IDE
[2020.10.02-17.41.22:532][348]LogContentBrowser: Native class hierarchy updated for 'GuildGame' in 0.0007 seconds. Added 4 classes and 3 folders.
[2020.10.02-17.41.22:535][348]Display: HotReload successful (0 functions remapped  0 scriptstructs remapped)
[2020.10.02-17.41.22:614][348]LogContentBrowser: Native class hierarchy populated in 0.0112 seconds. Added 3431 classes and 824 folders.
[2020.10.02-17.41.22:627][348]Display: HotReload took  0.1s.
[2020.10.02-17.41.30:581][501]BlueprintLog: New page: Compile BPGridFloor
[2020.10.02-17.41.30:689][501]LogPrimitiveComponent: Warning: CreateAndSetMaterialInstanceDynamic on /Game/TestMap.TestMap:PersistentLevel.BPGridFloor_12.CustomMesh: Material index 0 is invalid.
[2020.10.02-17.41.30:689][501]LogPrimitiveComponent: Warning: CreateAndSetMaterialInstanceDynamic on /Game/TestMap.TestMap:PersistentLevel.BPGridFloor_12.SelectionMesh: Material index 0 is invalid.
[2020.10.02-17.41.30:760][501]LogPrimitiveComponent: Warning: CreateAndSetMaterialInstanceDynamic on /Engine/Transient.World_2:PersistentLevel.BPGridFloor_C_0.CustomMesh: Material index 0 is invalid.
[2020.10.02-17.41.30:760][501]LogPrimitiveComponent: Warning: CreateAndSetMaterialInstanceDynamic on /Engine/Transient.World_2:PersistentLevel.BPGridFloor_C_0.SelectionMesh: Material index 0 is invalid.
[2020.10.02-17.41.30:845][501]LogUObjectHash: Compacting FUObjectHashTables data took   3.72ms
[2020.10.02-17.41.30:848][501]LogPrimitiveComponent: Warning: CreateAndSetMaterialInstanceDynamic on /Game/TestMap.TestMap:PersistentLevel.BPGridFloor_12.CustomMesh: Material index 0 is invalid.
[2020.10.02-17.41.30:848][501]LogPrimitiveComponent: Warning: CreateAndSetMaterialInstanceDynamic on /Game/TestMap.TestMap:PersistentLevel.BPGridFloor_12.SelectionMesh: Material index 0 is invalid.
[2020.10.02-17.41.30:849][501]LogPrimitiveComponent: Warning: CreateAndSetMaterialInstanceDynamic on /Engine/Transient.World_2:PersistentLevel.BPGridFloor_C_0.CustomMesh: Material index 0 is invalid.
[2020.10.02-17.41.30:849][501]LogPrimitiveComponent: Warning: CreateAndSetMaterialInstanceDynamic on /Engine/Transient.World_2:PersistentLevel.BPGridFloor_C_0.SelectionMesh: Material index 0 is invalid.
[2020.10.02-17.41.30:851][501]LogPrimitiveComponent: Warning: CreateAndSetMaterialInstanceDynamic on /Game/TestMap.TestMap:PersistentLevel.BPGridFloor_12.CustomMesh: Material index 0 is invalid.
[2020.10.02-17.41.30:851][501]LogPrimitiveComponent: Warning: CreateAndSetMaterialInstanceDynamic on /Game/TestMap.TestMap:PersistentLevel.BPGridFloor_12.SelectionMesh: Material index 0 is invalid.
[2020.10.02-17.41.30:867][501]LogPrimitiveComponent: Warning: CreateAndSetMaterialInstanceDynamic on /Engine/Transient.World_2:PersistentLevel.BPGridFloor_C_0.CustomMesh: Material index 0 is invalid.
[2020.10.02-17.41.30:867][501]LogPrimitiveComponent: Warning: CreateAndSetMaterialInstanceDynamic on /Engine/Transient.World_2:PersistentLevel.BPGridFloor_C_0.SelectionMesh: Material index 0 is invalid.
[2020.10.02-17.41.30:933][501]LogPrimitiveComponent: Warning: CreateAndSetMaterialInstanceDynamic on /Engine/Transient.World_2:PersistentLevel.BPGridFloor_C_0.CustomMesh: Material index 0 is invalid.
[2020.10.02-17.41.30:933][501]LogPrimitiveComponent: Warning: CreateAndSetMaterialInstanceDynamic on /Engine/Transient.World_2:PersistentLevel.BPGridFloor_C_0.SelectionMesh: Material index 0 is invalid.
[2020.10.02-17.42.54:504][764]LogHotReload: New module detected: UE4Editor-GuildGame-0005.dll
[2020.10.02-17.42.55:998][837]LogHotReload: Starting Hot-Reload from IDE
[2020.10.02-17.42.56:039][837]LogContentBrowser: Native class hierarchy updated for 'GuildGame' in 0.0012 seconds. Added 4 classes and 3 folders.
[2020.10.02-17.42.56:043][837]Display: HotReload successful (0 functions remapped  0 scriptstructs remapped)
[2020.10.02-17.42.56:148][837]LogContentBrowser: Native class hierarchy populated in 0.0120 seconds. Added 3431 classes and 824 folders.
[2020.10.02-17.42.56:151][837]Display: HotReload took  0.2s.
[2020.10.02-17.43.03:569][375]BlueprintLog: New page: Compile BPGridFloor
[2020.10.02-17.43.03:668][375]LogPrimitiveComponent: Warning: CreateAndSetMaterialInstanceDynamic on /Game/TestMap.TestMap:PersistentLevel.BPGridFloor_12.CustomMesh: Material index 0 is invalid.
[2020.10.02-17.43.03:668][375]LogPrimitiveComponent: Warning: CreateAndSetMaterialInstanceDynamic on /Game/TestMap.TestMap:PersistentLevel.BPGridFloor_12.SelectionMesh: Material index 0 is invalid.
[2020.10.02-17.43.16:782][375]LogWindows: Error: === Critical error: ===
[2020.10.02-17.43.16:782][375]LogWindows: Error: 
[2020.10.02-17.43.16:782][375]LogWindows: Error: Fatal error!
[2020.10.02-17.43.16:782][375]LogWindows: Error: 
[2020.10.02-17.43.16:782][375]LogWindows: Error: Unhandled Exception: EXCEPTION_ACCESS_VIOLATION reading address 0x00000020
[2020.10.02-17.43.16:782][375]LogWindows: Error: 
[2020.10.02-17.43.16:782][375]LogWindows: Error: [Callstack] 0x00007ffa4e9473c5 UE4Editor-GuildGame-0005.dll!GridManager::GetGridBottomLeft() [c:\unreal projects\guildgame\source\guildgame\private\gridmanager.cpp:60]
[2020.10.02-17.43.16:782][375]LogWindows: Error: [Callstack] 0x00007ffa4e946dc9 UE4Editor-GuildGame-0005.dll!AGridFloor::OnConstruction() [c:\unreal projects\guildgame\source\guildgame\private\gridfloor.cpp:207]
[2020.10.02-17.43.16:782][375]LogWindows: Error: [Callstack] 0x00007ff9fc288ebd UE4Editor-Engine.dll!UnknownFunction []
[2020.10.02-17.43.16:782][375]LogWindows: Error: [Callstack] 0x00007ff9faffca23 UE4Editor-UnrealEd.dll!UnknownFunction []
[2020.10.02-17.43.16:782][375]LogWindows: Error: [Callstack] 0x00007ff9fb029b81 UE4Editor-UnrealEd.dll!UnknownFunction []
[2020.10.02-17.43.16:782][375]LogWindows: Error: [Callstack] 0x00007ff9fafe08cf UE4Editor-UnrealEd.dll!UnknownFunction []
[2020.10.02-17.43.16:782][375]LogWindows: Error: [Callstack] 0x00007ff9f980ded1 UE4Editor-Kismet.dll!UnknownFunction []
[2020.10.02-17.43.16:782][375]LogWindows: Error: [Callstack] 0x00007ff9f97b6b27 UE4Editor-Kismet.dll!UnknownFunction []
[2020.10.02-17.43.16:782][375]LogWindows: Error: [Callstack] 0x00007ff9f97b6861 UE4Editor-Kismet.dll!UnknownFunction []
[2020.10.02-17.43.16:782][375]LogWindows: Error: [Callstack] 0x00007ff9fafe97be UE4Editor-UnrealEd.dll!UnknownFunction []
[2020.10.02-17.43.16:782][375]LogWindows: Error: [Callstack] 0x00007ff9f98b67d0 UE4Editor-Kismet.dll!UnknownFunction []
[2020.10.02-17.43.16:782][375]LogWindows: Error: [Callstack] 0x00007ff9f98d220e UE4Editor-Kismet.dll!UnknownFunction []
[2020.10.02-17.43.16:782][375]LogWindows: Error: [Callstack] 0x00007ffa0a9ff238 UE4Editor-Slate.dll!UnknownFunction []
[2020.10.02-17.43.16:782][375]LogWindows: Error: [Callstack] 0x00007ffa0aaeb0a9 UE4Editor-Slate.dll!UnknownFunction []
[2020.10.02-17.43.16:782][375]LogWindows: Error: [Callstack] 0x00007ffa0aacae07 UE4Editor-Slate.dll!UnknownFunction []
[2020.10.02-17.43.16:782][375]LogWindows: Error: [Callstack] 0x00007ffa0ab6207e UE4Editor-Slate.dll!UnknownFunction []
[2020.10.02-17.43.16:782][375]LogWindows: Error: [Callstack] 0x00007ffa0ab7b27e UE4Editor-Slate.dll!UnknownFunction []
[2020.10.02-17.43.16:782][375]LogWindows: Error: [Callstack] 0x00007ffa0a9c2dc8 UE4Editor-Slate.dll!UnknownFunction []
[2020.10.02-17.43.16:782][375]LogWindows: Error: [Callstack] 0x00007ffa0aa469cf UE4Editor-Slate.dll!UnknownFunction []
[2020.10.02-17.43.16:782][375]LogWindows: Error: [Callstack] 0x00007ffa0aa2f4b2 UE4Editor-Slate.dll!UnknownFunction []
[2020.10.02-17.43.16:782][375]LogWindows: Error: [Callstack] 0x00007ffa0aa22392 UE4Editor-Slate.dll!UnknownFunction []
[2020.10.02-17.43.16:783][375]LogWindows: Error: [Callstack] 0x00007ffa33027f88 UE4Editor-ApplicationCore.dll!UnknownFunction []
[2020.10.02-17.43.16:783][375]LogWindows: Error: [Callstack] 0x00007ffa33015c87 UE4Editor-ApplicationCore.dll!UnknownFunction []
[2020.10.02-17.43.16:783][375]LogWindows: Error: [Callstack] 0x00007ffa3302a609 UE4Editor-ApplicationCore.dll!UnknownFunction []
[2020.10.02-17.43.16:783][375]LogWindows: Error: [Callstack] 0x00007ffa330117d0 UE4Editor-ApplicationCore.dll!UnknownFunction []
[2020.10.02-17.43.16:783][375]LogWindows: Error: [Callstack] 0x00007ffa6720e858 USER32.dll!UnknownFunction []
[2020.10.02-17.43.16:783][375]LogWindows: Error: [Callstack] 0x00007ffa6720e299 USER32.dll!UnknownFunction []
[2020.10.02-17.43.16:783][375]LogWindows: Error: [Callstack] 0x00007ffa3302bb24 UE4Editor-ApplicationCore.dll!UnknownFunction []
[2020.10.02-17.43.16:783][375]LogWindows: Error: [Callstack] 0x00007ff740d668c4 UE4Editor.exe!UnknownFunction []
[2020.10.02-17.43.16:783][375]LogWindows: Error: [Callstack] 0x00007ff740d7ba7c UE4Editor.exe!UnknownFunction []
[2020.10.02-17.43.16:783][375]LogWindows: Error: [Callstack] 0x00007ff740d7bb5a UE4Editor.exe!UnknownFunction []
[2020.10.02-17.43.16:783][375]LogWindows: Error: [Callstack] 0x00007ff740d8e31d UE4Editor.exe!UnknownFunction []
[2020.10.02-17.43.16:783][375]LogWindows: Error: [Callstack] 0x00007ff740d9145a UE4Editor.exe!UnknownFunction []
[2020.10.02-17.43.16:783][375]LogWindows: Error: [Callstack] 0x00007ffa67716fd4 KERNEL32.DLL!UnknownFunction []
[2020.10.02-17.43.16:783][375]LogWindows: Error: [Callstack] 0x00007ffa6795cec1 ntdll.dll!UnknownFunction []
[2020.10.02-17.43.16:783][375]LogWindows: Error: 
[2020.10.02-17.43.16:801][375]LogExit: Executing StaticShutdownAfterError
[2020.10.02-17.43.17:254][375]LogWindows: FPlatformMisc::RequestExit(1)
[2020.10.02-17.43.17:254][375]LogCore: Engine exit requested (reason: Win RequestExit)
[2020.10.02-17.43.17:354][375]Log file closed, 10/02/20 20:43:17
