Log file open, 10/01/20 22:50:47
LogInit: Display: Running engine for game: GuildGame
LogPlatformFile: Not using cached read wrapper
LogTaskGraph: Started task graph with 5 named threads and 23 total threads with 3 sets of task threads.
LogStats: Stats thread started at 0.213254
LogD3D11RHI: Loaded GFSDK_Aftermath_Lib.x64.dll
LogICUInternationalization: ICU TimeZone Detection - Raw Offset: +3:00, Platform Override: ''
LogPluginManager: Mounting plugin Paper2D
LogPluginManager: Mounting plugin AISupport
LogPluginManager: Mounting plugin LightPropagationVolume
LogPluginManager: Mounting plugin CameraShakePreviewer
LogPluginManager: Mounting plugin ActorLayerUtilities
LogPluginManager: Mounting plugin AnimationSharing
LogPluginManager: Mounting plugin CLionSourceCodeAccess
LogPluginManager: Mounting plugin CodeLiteSourceCodeAccess
LogPluginManager: Mounting plugin GitSourceControl
LogPluginManager: Mounting plugin KDevelopSourceCodeAccess
LogPluginManager: Mounting plugin NullSourceCodeAccess
LogPluginManager: Mounting plugin PerforceSourceControl
LogPluginManager: Mounting plugin PlasticSourceControl
LogPluginManager: Mounting plugin RiderSourceCodeAccess
LogPluginManager: Mounting plugin SubversionSourceControl
LogPluginManager: Mounting plugin UObjectPlugin
LogPluginManager: Mounting plugin VisualStudioCodeSourceCodeAccess
LogPluginManager: Mounting plugin VisualStudioSourceCodeAccess
LogPluginManager: Mounting plugin XCodeSourceCodeAccess
LogPluginManager: Mounting plugin AssetManagerEditor
LogPluginManager: Mounting plugin CryptoKeys
LogPluginManager: Mounting plugin CurveEditorTools
LogPluginManager: Mounting plugin DataValidation
LogPluginManager: Mounting plugin EditorScriptingUtilities
LogPluginManager: Mounting plugin FacialAnimation
LogPluginManager: Mounting plugin GameplayTagsEditor
LogPluginManager: Mounting plugin GeometryMode
LogPluginManager: Mounting plugin MacGraphicsSwitching
LogPluginManager: Mounting plugin MaterialAnalyzer
LogPluginManager: Mounting plugin MobileLauncherProfileWizard
LogPluginManager: Mounting plugin PluginBrowser
LogPluginManager: Mounting plugin SpeedTreeImporter
LogPluginManager: Mounting plugin DatasmithContent
LogPluginManager: Mounting plugin VariantManagerContent
LogPluginManager: Mounting plugin AlembicImporter
LogPluginManager: Mounting plugin AutomationUtils
LogPluginManager: Mounting plugin BackChannel
LogPluginManager: Mounting plugin ChaosCloth
LogPluginManager: Mounting plugin ChaosClothEditor
LogPluginManager: Mounting plugin ChaosEditor
LogPluginManager: Mounting plugin ChaosNiagara
LogPluginManager: Mounting plugin ChaosSolverPlugin
LogPluginManager: Mounting plugin CharacterAI
LogPluginManager: Mounting plugin GeometryCache
LogPluginManager: Mounting plugin GeometryCollectionPlugin
LogPluginManager: Mounting plugin GeometryProcessing
LogPluginManager: Mounting plugin PlanarCut
LogPluginManager: Mounting plugin PlatformCrypto
LogPluginManager: Mounting plugin ProxyLODPlugin
LogPluginManager: Mounting plugin SkeletalReduction
LogPluginManager: Mounting plugin Niagara
LogPluginManager: Mounting plugin MagicLeap
LogPluginManager: Mounting plugin MagicLeapLightEstimation
LogPluginManager: Mounting plugin MagicLeapMedia
LogPluginManager: Mounting plugin MagicLeapPassableWorld
LogPluginManager: Mounting plugin MLSDK
LogPluginManager: Mounting plugin AndroidMedia
LogPluginManager: Mounting plugin AvfMedia
LogPluginManager: Mounting plugin ImgMedia
LogPluginManager: Mounting plugin MediaCompositing
LogPluginManager: Mounting plugin MediaPlayerEditor
LogPluginManager: Mounting plugin WebMMedia
LogPluginManager: Mounting plugin WmfMedia
LogPluginManager: Mounting plugin MeshPainting
LogPluginManager: Mounting plugin TcpMessaging
LogPluginManager: Mounting plugin UdpMessaging
LogPluginManager: Mounting plugin ActorSequence
LogPluginManager: Mounting plugin LevelSequenceEditor
LogPluginManager: Mounting plugin MatineeToLevelSequence
LogPluginManager: Mounting plugin MovieRenderPipeline
LogPluginManager: Mounting plugin TemplateSequence
LogPluginManager: Mounting plugin NetcodeUnitTest
LogPluginManager: Mounting plugin NUTUnrealEngine4
LogPluginManager: Mounting plugin OnlineSubsystemGooglePlay
LogPluginManager: Mounting plugin OnlineSubsystemIOS
LogPluginManager: Mounting plugin OnlineSubsystem
LogPluginManager: Mounting plugin OnlineSubsystemNull
LogPluginManager: Mounting plugin OnlineSubsystemUtils
LogPluginManager: Mounting plugin LauncherChunkInstaller
LogPluginManager: Mounting plugin AndroidDeviceProfileSelector
LogPluginManager: Mounting plugin AndroidMoviePlayer
LogPluginManager: Mounting plugin AndroidPermission
LogPluginManager: Mounting plugin AppleImageUtils
LogPluginManager: Mounting plugin AppleMoviePlayer
LogPluginManager: Mounting plugin ArchVisCharacter
LogPluginManager: Mounting plugin AssetTags
LogPluginManager: Mounting plugin AudioCapture
LogPluginManager: Mounting plugin CableComponent
LogPluginManager: Mounting plugin CustomMeshComponent
LogPluginManager: Mounting plugin EditableMesh
LogPluginManager: Mounting plugin ExampleDeviceProfileSelector
LogPluginManager: Mounting plugin GoogleCloudMessaging
LogPluginManager: Mounting plugin GooglePAD
LogPluginManager: Mounting plugin IOSDeviceProfileSelector
LogPluginManager: Mounting plugin LinuxDeviceProfileSelector
LogPluginManager: Mounting plugin LocationServicesBPLibrary
LogPluginManager: Mounting plugin MobilePatchingUtils
LogPluginManager: Mounting plugin OculusVR
LogPluginManager: Mounting plugin PhysXVehicles
LogPluginManager: Mounting plugin PostSplashScreen
LogPluginManager: Mounting plugin ProceduralMeshComponent
LogPluginManager: Mounting plugin RuntimePhysXCooking
LogPluginManager: Mounting plugin SignificanceManager
LogPluginManager: Mounting plugin SoundFields
LogPluginManager: Mounting plugin SteamVR
LogPluginManager: Mounting plugin Synthesis
LogPluginManager: Mounting plugin WebMMoviePlayer
LogPluginManager: Mounting plugin WindowsMoviePlayer
LogPluginManager: Mounting plugin ScreenshotTools
LogPluginManager: Mounting plugin RiderLink
LogInit: Using libcurl 7.55.1-DEV
LogInit:  - built for x86_64-pc-win32
LogInit:  - supports SSL with OpenSSL/1.1.1
LogInit:  - supports HTTP deflate (compression) using libz 1.2.8
LogInit:  - other features:
LogInit:      CURL_VERSION_SSL
LogInit:      CURL_VERSION_LIBZ
LogInit:      CURL_VERSION_IPV6
LogInit:      CURL_VERSION_ASYNCHDNS
LogInit:      CURL_VERSION_LARGEFILE
LogInit:      CURL_VERSION_IDN
LogInit:  CurlRequestOptions (configurable via config and command line):
LogInit:  - bVerifyPeer = true  - Libcurl will verify peer certificate
LogInit:  - bUseHttpProxy = false  - Libcurl will NOT use HTTP proxy
LogInit:  - bDontReuseConnections = false  - Libcurl will reuse connections
LogInit:  - MaxHostConnections = 16  - Libcurl will limit the number of connections to a host
LogInit:  - LocalHostAddr = Default
LogInit:  - BufferSize = 65536
LogOnline: OSS: Creating online subsystem instance for: NULL
LogInit: WinSock: version 1.1 (2.2), MaxSocks=32767, MaxUdp=65467
LogOnline: OSS: TryLoadSubsystemAndSetDefault: Loaded subsystem for module [NULL]
LogInit: Build: ++UE4+Release-4.25-CL-13942748
LogInit: Engine Version: 4.25.3-13942748+++UE4+Release-4.25
LogInit: Compatible Engine Version: 4.25.0-13144385+++UE4+Release-4.25
LogInit: Net CL: 13144385
LogInit: OS: Windows 10 (Release 2004) (), CPU: Intel(R) Core(TM) i7-4790K CPU @ 4.00GHz, GPU: NVIDIA GeForce GTX 980
LogInit: Compiled (64-bit): Jul 25 2020 02:07:48
LogInit: Compiled with Visual C++: 19.24.28315.00
LogInit: Build Configuration: Development
LogInit: Branch Name: ++UE4+Release-4.25
LogInit: Command Line: 
LogInit: Base Directory: D:/Program Files/Epic Games/UE_4.25/Engine/Binaries/Win64/
LogInit: Allocator: TBB
LogInit: Installed Engine Build: 1
LogDevObjectVersion: Number of dev versions registered: 26
LogDevObjectVersion:   Dev-Blueprints (B0D832E4-1F89-4F0D-ACCF-7EB736FD4AA2): 10
LogDevObjectVersion:   Dev-Build (E1C64328-A22C-4D53-A36C-8E866417BD8C): 0
LogDevObjectVersion:   Dev-Core (375EC13C-06E4-48FB-B500-84F0262A717E): 4
LogDevObjectVersion:   Dev-Editor (E4B068ED-F494-42E9-A231-DA0B2E46BB41): 38
LogDevObjectVersion:   Dev-Framework (CFFC743F-43B0-4480-9391-14DF171D2073): 37
LogDevObjectVersion:   Dev-Mobile (B02B49B5-BB20-44E9-A304-32B752E40360): 2
LogDevObjectVersion:   Dev-Networking (A4E4105C-59A1-49B5-A7C5-40C4547EDFEE): 0
LogDevObjectVersion:   Dev-Online (39C831C9-5AE6-47DC-9A44-9C173E1C8E7C): 0
LogDevObjectVersion:   Dev-Physics (78F01B33-EBEA-4F98-B9B4-84EACCB95AA2): 4
LogDevObjectVersion:   Dev-Platform (6631380F-2D4D-43E0-8009-CF276956A95A): 0
LogDevObjectVersion:   Dev-Rendering (12F88B9F-8875-4AFC-A67C-D90C383ABD29): 43
LogDevObjectVersion:   Dev-Sequencer (7B5AE74C-D270-4C10-A958-57980B212A5A): 12
LogDevObjectVersion:   Dev-VR (D7296918-1DD6-4BDD-9DE2-64A83CC13884): 3
LogDevObjectVersion:   Dev-LoadTimes (C2A15278-BFE7-4AFE-6C17-90FF531DF755): 1
LogDevObjectVersion:   Private-Geometry (6EACA3D4-40EC-4CC1-B786-8BED09428FC5): 3
LogDevObjectVersion:   Dev-AnimPhys (29E575DD-E0A3-4627-9D10-D276232CDCEA): 17
LogDevObjectVersion:   Dev-Anim (AF43A65D-7FD3-4947-9873-3E8ED9C1BB05): 7
LogDevObjectVersion:   Dev-ReflectionCapture (6B266CEC-1EC7-4B8F-A30B-E4D90942FC07): 1
LogDevObjectVersion:   Dev-Automation (0DF73D61-A23F-47EA-B727-89E90C41499A): 1
LogDevObjectVersion:   FortniteMain (601D1886-AC64-4F84-AA16-D3DE0DEAC7D6): 31
LogDevObjectVersion:   Dev-Enterprise (9DFFBCD6-494F-0158-E221-12823C92A888): 10
LogDevObjectVersion:   Dev-Niagara (F2AED0AC-9AFE-416F-8664-AA7FFA26D6FC): 1
LogDevObjectVersion:   Dev-Destruction (174F1F0B-B4C6-45A5-B13F-2EE8D0FB917D): 10
LogDevObjectVersion:   Dev-Physics-Ext (35F94A83-E258-406C-A318-09F59610247C): 37
LogDevObjectVersion:   Dev-PhysicsMaterial-Chaos (B68FC16E-8B1B-42E2-B453-215C058844FE): 1
LogDevObjectVersion:   Dev-CineCamera (B2E18506-4273-CFC2-A54E-F4BB758BBA07): 1
LogInit: Presizing for max 25165824 objects, including 0 objects not considered by GC, pre-allocating 0 bytes for permanent pool.
LogConfig: Applying CVar settings from Section [/Script/Engine.StreamingSettings] File [C:/Unreal Projects/GuildGame/Saved/Config/Windows/Engine.ini]
LogConfig: Setting CVar [[s.MinBulkDataSizeForAsyncLoading:131072]]
LogConfig: Setting CVar [[s.AsyncLoadingThreadEnabled:0]]
LogConfig: Setting CVar [[s.EventDrivenLoaderEnabled:1]]
LogConfig: Setting CVar [[s.WarnIfTimeLimitExceeded:0]]
LogConfig: Setting CVar [[s.TimeLimitExceededMultiplier:1.5]]
LogConfig: Setting CVar [[s.TimeLimitExceededMinTime:0.005]]
LogConfig: Setting CVar [[s.UseBackgroundLevelStreaming:1]]
LogConfig: Setting CVar [[s.PriorityAsyncLoadingExtraTime:15.0]]
LogConfig: Setting CVar [[s.LevelStreamingActorsUpdateTimeLimit:5.0]]
LogConfig: Setting CVar [[s.PriorityLevelStreamingActorsUpdateExtraTime:5.0]]
LogConfig: Setting CVar [[s.LevelStreamingComponentsRegistrationGranularity:10]]
LogConfig: Setting CVar [[s.UnregisterComponentsTimeLimit:1.0]]
LogConfig: Setting CVar [[s.LevelStreamingComponentsUnregistrationGranularity:5]]
LogConfig: Setting CVar [[s.FlushStreamingOnExit:1]]
LogInit: Object subsystem initialized
LogConfig: Setting CVar [[con.DebugEarlyDefault:1]]
LogConfig: Setting CVar [[r.setres:1280x720]]
[2020.10.01-19.50.48:620][  0]LogConfig: Setting CVar [[r.VSync:0]]
[2020.10.01-19.50.48:620][  0]LogConfig: Setting CVar [[r.RHICmdBypass:0]]
[2020.10.01-19.50.48:620][  0]LogConfig: Applying CVar settings from Section [/Script/Engine.RendererSettings] File [C:/Unreal Projects/GuildGame/Saved/Config/Windows/Engine.ini]
[2020.10.01-19.50.48:620][  0]LogConfig: Setting CVar [[r.GPUCrashDebugging:0]]
[2020.10.01-19.50.48:620][  0]LogConfig: Applying CVar settings from Section [/Script/Engine.RendererOverrideSettings] File [C:/Unreal Projects/GuildGame/Saved/Config/Windows/Engine.ini]
[2020.10.01-19.50.48:620][  0]LogConfig: Applying CVar settings from Section [/Script/Engine.StreamingSettings] File [C:/Unreal Projects/GuildGame/Saved/Config/Windows/Engine.ini]
[2020.10.01-19.50.48:620][  0]LogConfig: Setting CVar [[s.MinBulkDataSizeForAsyncLoading:131072]]
[2020.10.01-19.50.48:620][  0]LogConfig: Setting CVar [[s.AsyncLoadingThreadEnabled:0]]
[2020.10.01-19.50.48:620][  0]LogConfig: Setting CVar [[s.EventDrivenLoaderEnabled:1]]
[2020.10.01-19.50.48:620][  0]LogConfig: Setting CVar [[s.WarnIfTimeLimitExceeded:0]]
[2020.10.01-19.50.48:620][  0]LogConfig: Setting CVar [[s.TimeLimitExceededMultiplier:1.5]]
[2020.10.01-19.50.48:620][  0]LogConfig: Setting CVar [[s.TimeLimitExceededMinTime:0.005]]
[2020.10.01-19.50.48:620][  0]LogConfig: Setting CVar [[s.UseBackgroundLevelStreaming:1]]
[2020.10.01-19.50.48:620][  0]LogConfig: Setting CVar [[s.PriorityAsyncLoadingExtraTime:15.0]]
[2020.10.01-19.50.48:620][  0]LogConfig: Setting CVar [[s.LevelStreamingActorsUpdateTimeLimit:5.0]]
[2020.10.01-19.50.48:620][  0]LogConfig: Setting CVar [[s.PriorityLevelStreamingActorsUpdateExtraTime:5.0]]
[2020.10.01-19.50.48:620][  0]LogConfig: Setting CVar [[s.LevelStreamingComponentsRegistrationGranularity:10]]
[2020.10.01-19.50.48:620][  0]LogConfig: Setting CVar [[s.UnregisterComponentsTimeLimit:1.0]]
[2020.10.01-19.50.48:620][  0]LogConfig: Setting CVar [[s.LevelStreamingComponentsUnregistrationGranularity:5]]
[2020.10.01-19.50.48:620][  0]LogConfig: Setting CVar [[s.FlushStreamingOnExit:1]]
[2020.10.01-19.50.48:620][  0]LogConfig: Applying CVar settings from Section [/Script/Engine.GarbageCollectionSettings] File [C:/Unreal Projects/GuildGame/Saved/Config/Windows/Engine.ini]
[2020.10.01-19.50.48:620][  0]LogConfig: Setting CVar [[gc.MaxObjectsNotConsideredByGC:1]]
[2020.10.01-19.50.48:620][  0]LogConfig: Setting CVar [[gc.SizeOfPermanentObjectPool:0]]
[2020.10.01-19.50.48:620][  0]LogConfig: Setting CVar [[gc.FlushStreamingOnGC:0]]
[2020.10.01-19.50.48:620][  0]LogConfig: Setting CVar [[gc.NumRetriesBeforeForcingGC:10]]
[2020.10.01-19.50.48:620][  0]LogConfig: Setting CVar [[gc.AllowParallelGC:1]]
[2020.10.01-19.50.48:620][  0]LogConfig: Setting CVar [[gc.TimeBetweenPurgingPendingKillObjects:61.1]]
[2020.10.01-19.50.48:620][  0]LogConfig: Setting CVar [[gc.MaxObjectsInEditor:25165824]]
[2020.10.01-19.50.48:620][  0]LogConfig: Setting CVar [[gc.IncrementalBeginDestroyEnabled:1]]
[2020.10.01-19.50.48:620][  0]LogConfig: Setting CVar [[gc.CreateGCClusters:1]]
[2020.10.01-19.50.48:620][  0]LogConfig: Setting CVar [[gc.MinGCClusterSize:5]]
[2020.10.01-19.50.48:620][  0]LogConfig: Setting CVar [[gc.ActorClusteringEnabled:0]]
[2020.10.01-19.50.48:620][  0]LogConfig: Setting CVar [[gc.BlueprintClusteringEnabled:0]]
[2020.10.01-19.50.48:620][  0]LogConfig: Setting CVar [[gc.UseDisregardForGCOnDedicatedServers:0]]
[2020.10.01-19.50.48:620][  0]LogConfig: Applying CVar settings from Section [/Script/Engine.NetworkSettings] File [C:/Unreal Projects/GuildGame/Saved/Config/Windows/Engine.ini]
[2020.10.01-19.50.48:620][  0]LogConfig: Applying CVar settings from Section [/Script/UnrealEd.CookerSettings] File [C:/Unreal Projects/GuildGame/Saved/Config/Windows/Engine.ini]
[2020.10.01-19.50.48:625][  0]LogConfig: Applying CVar settings from Section [ViewDistanceQuality@3] File [C:/Unreal Projects/GuildGame/Saved/Config/Windows/Scalability.ini]
[2020.10.01-19.50.48:625][  0]LogConfig: Setting CVar [[r.SkeletalMeshLODBias:0]]
[2020.10.01-19.50.48:625][  0]LogConfig: Setting CVar [[r.ViewDistanceScale:1.0]]
[2020.10.01-19.50.48:625][  0]LogConfig: Applying CVar settings from Section [AntiAliasingQuality@3] File [C:/Unreal Projects/GuildGame/Saved/Config/Windows/Scalability.ini]
[2020.10.01-19.50.48:625][  0]LogConfig: Setting CVar [[r.PostProcessAAQuality:4]]
[2020.10.01-19.50.48:625][  0]LogConfig: Applying CVar settings from Section [ShadowQuality@3] File [C:/Unreal Projects/GuildGame/Saved/Config/Windows/Scalability.ini]
[2020.10.01-19.50.48:625][  0]LogConfig: Setting CVar [[r.LightFunctionQuality:1]]
[2020.10.01-19.50.48:626][  0]LogConfig: Setting CVar [[r.ShadowQuality:5]]
[2020.10.01-19.50.48:626][  0]LogConfig: Setting CVar [[r.Shadow.CSM.MaxCascades:10]]
[2020.10.01-19.50.48:626][  0]LogConfig: Setting CVar [[r.Shadow.MaxResolution:2048]]
[2020.10.01-19.50.48:626][  0]LogConfig: Setting CVar [[r.Shadow.MaxCSMResolution:2048]]
[2020.10.01-19.50.48:626][  0]LogConfig: Setting CVar [[r.Shadow.RadiusThreshold:0.01]]
[2020.10.01-19.50.48:626][  0]LogConfig: Setting CVar [[r.Shadow.DistanceScale:1.0]]
[2020.10.01-19.50.48:626][  0]LogConfig: Setting CVar [[r.Shadow.CSM.TransitionScale:1.0]]
[2020.10.01-19.50.48:626][  0]LogConfig: Setting CVar [[r.Shadow.PreShadowResolutionFactor:1.0]]
[2020.10.01-19.50.48:626][  0]LogConfig: Setting CVar [[r.DistanceFieldShadowing:1]]
[2020.10.01-19.50.48:626][  0]LogConfig: Setting CVar [[r.DistanceFieldAO:1]]
[2020.10.01-19.50.48:626][  0]LogConfig: Setting CVar [[r.AOQuality:2]]
[2020.10.01-19.50.48:626][  0]LogConfig: Setting CVar [[r.VolumetricFog:1]]
[2020.10.01-19.50.48:626][  0]LogConfig: Setting CVar [[r.VolumetricFog.GridPixelSize:8]]
[2020.10.01-19.50.48:626][  0]LogConfig: Setting CVar [[r.VolumetricFog.GridSizeZ:128]]
[2020.10.01-19.50.48:626][  0]LogConfig: Setting CVar [[r.VolumetricFog.HistoryMissSupersampleCount:4]]
[2020.10.01-19.50.48:626][  0]LogConfig: Setting CVar [[r.LightMaxDrawDistanceScale:1]]
[2020.10.01-19.50.48:626][  0]LogConfig: Setting CVar [[r.CapsuleShadows:1]]
[2020.10.01-19.50.48:626][  0]LogConfig: Applying CVar settings from Section [PostProcessQuality@3] File [C:/Unreal Projects/GuildGame/Saved/Config/Windows/Scalability.ini]
[2020.10.01-19.50.48:626][  0]LogConfig: Setting CVar [[r.MotionBlurQuality:4]]
[2020.10.01-19.50.48:626][  0]LogConfig: Setting CVar [[r.AmbientOcclusionMipLevelFactor:0.4]]
[2020.10.01-19.50.48:626][  0]LogConfig: Setting CVar [[r.AmbientOcclusionMaxQuality:100]]
[2020.10.01-19.50.48:626][  0]LogConfig: Setting CVar [[r.AmbientOcclusionLevels:-1]]
[2020.10.01-19.50.48:626][  0]LogConfig: Setting CVar [[r.AmbientOcclusionRadiusScale:1.0]]
[2020.10.01-19.50.48:626][  0]LogConfig: Setting CVar [[r.DepthOfFieldQuality:2]]
[2020.10.01-19.50.48:626][  0]LogConfig: Setting CVar [[r.RenderTargetPoolMin:400]]
[2020.10.01-19.50.48:626][  0]LogConfig: Setting CVar [[r.LensFlareQuality:2]]
[2020.10.01-19.50.48:626][  0]LogConfig: Setting CVar [[r.SceneColorFringeQuality:1]]
[2020.10.01-19.50.48:626][  0]LogConfig: Setting CVar [[r.EyeAdaptationQuality:2]]
[2020.10.01-19.50.48:626][  0]LogConfig: Setting CVar [[r.BloomQuality:5]]
[2020.10.01-19.50.48:626][  0]LogConfig: Setting CVar [[r.FastBlurThreshold:100]]
[2020.10.01-19.50.48:626][  0]LogConfig: Setting CVar [[r.Upscale.Quality:3]]
[2020.10.01-19.50.48:626][  0]LogConfig: Setting CVar [[r.Tonemapper.GrainQuantization:1]]
[2020.10.01-19.50.48:626][  0]LogConfig: Setting CVar [[r.LightShaftQuality:1]]
[2020.10.01-19.50.48:626][  0]LogConfig: Setting CVar [[r.Filter.SizeScale:1]]
[2020.10.01-19.50.48:626][  0]LogConfig: Setting CVar [[r.Tonemapper.Quality:5]]
[2020.10.01-19.50.48:626][  0]LogConfig: Setting CVar [[r.DOF.Gather.AccumulatorQuality:1        ; higher gathering accumulator quality]]
[2020.10.01-19.50.48:626][  0]LogConfig: Setting CVar [[r.DOF.Gather.PostfilterMethod:1          ; Median3x3 postfilering method]]
[2020.10.01-19.50.48:626][  0]LogConfig: Setting CVar [[r.DOF.Gather.EnableBokehSettings:0       ; no bokeh simulation when gathering]]
[2020.10.01-19.50.48:626][  0]LogConfig: Setting CVar [[r.DOF.Gather.RingCount:4                 ; medium number of samples when gathering]]
[2020.10.01-19.50.48:626][  0]LogConfig: Setting CVar [[r.DOF.Scatter.ForegroundCompositing:1    ; additive foreground scattering]]
[2020.10.01-19.50.48:626][  0]LogConfig: Setting CVar [[r.DOF.Scatter.BackgroundCompositing:2    ; additive background scattering]]
[2020.10.01-19.50.48:626][  0]LogConfig: Setting CVar [[r.DOF.Scatter.EnableBokehSettings:1      ; bokeh simulation when scattering]]
[2020.10.01-19.50.48:626][  0]LogConfig: Setting CVar [[r.DOF.Scatter.MaxSpriteRatio:0.1         ; only a maximum of 10% of scattered bokeh]]
[2020.10.01-19.50.48:626][  0]LogConfig: Setting CVar [[r.DOF.Recombine.Quality:1                ; cheap slight out of focus]]
[2020.10.01-19.50.48:626][  0]LogConfig: Setting CVar [[r.DOF.Recombine.EnableBokehSettings:0    ; no bokeh simulation on slight out of focus]]
[2020.10.01-19.50.48:626][  0]LogConfig: Setting CVar [[r.DOF.TemporalAAQuality:1                ; more stable temporal accumulation]]
[2020.10.01-19.50.48:626][  0]LogConfig: Setting CVar [[r.DOF.Kernel.MaxForegroundRadius:0.025]]
[2020.10.01-19.50.48:626][  0]LogConfig: Setting CVar [[r.DOF.Kernel.MaxBackgroundRadius:0.025]]
[2020.10.01-19.50.48:626][  0]LogConfig: Applying CVar settings from Section [TextureQuality@3] File [C:/Unreal Projects/GuildGame/Saved/Config/Windows/Scalability.ini]
[2020.10.01-19.50.48:626][  0]LogConfig: Setting CVar [[r.Streaming.MipBias:0]]
[2020.10.01-19.50.48:626][  0]LogConfig: Setting CVar [[r.Streaming.AmortizeCPUToGPUCopy:0]]
[2020.10.01-19.50.48:626][  0]LogConfig: Setting CVar [[r.Streaming.MaxNumTexturesToStreamPerFrame:0]]
[2020.10.01-19.50.48:626][  0]LogConfig: Setting CVar [[r.Streaming.Boost:1]]
[2020.10.01-19.50.48:626][  0]LogConfig: Setting CVar [[r.MaxAnisotropy:8]]
[2020.10.01-19.50.48:626][  0]LogConfig: Setting CVar [[r.VT.MaxAnisotropy:8]]
[2020.10.01-19.50.48:626][  0]LogConfig: Setting CVar [[r.Streaming.LimitPoolSizeToVRAM:0]]
[2020.10.01-19.50.48:626][  0]LogConfig: Setting CVar [[r.Streaming.PoolSize:1000]]
[2020.10.01-19.50.48:626][  0]LogConfig: Setting CVar [[r.Streaming.MaxEffectiveScreenSize:0]]
[2020.10.01-19.50.48:626][  0]LogConfig: Applying CVar settings from Section [EffectsQuality@3] File [C:/Unreal Projects/GuildGame/Saved/Config/Windows/Scalability.ini]
[2020.10.01-19.50.48:626][  0]LogConfig: Setting CVar [[r.TranslucencyLightingVolumeDim:64]]
[2020.10.01-19.50.48:626][  0]LogConfig: Setting CVar [[r.RefractionQuality:2]]
[2020.10.01-19.50.48:626][  0]LogConfig: Setting CVar [[r.SSR.Quality:3]]
[2020.10.01-19.50.48:626][  0]LogConfig: Setting CVar [[r.SSR.HalfResSceneColor:0]]
[2020.10.01-19.50.48:626][  0]LogConfig: Setting CVar [[r.SceneColorFormat:4]]
[2020.10.01-19.50.48:626][  0]LogConfig: Setting CVar [[r.DetailMode:2]]
[2020.10.01-19.50.48:626][  0]LogConfig: Setting CVar [[r.TranslucencyVolumeBlur:1]]
[2020.10.01-19.50.48:626][  0]LogConfig: Setting CVar [[r.MaterialQualityLevel:1 ; High quality]]
[2020.10.01-19.50.48:626][  0]LogConfig: Setting CVar [[r.SSS.Scale:1]]
[2020.10.01-19.50.48:626][  0]LogConfig: Setting CVar [[r.SSS.SampleSet:2]]
[2020.10.01-19.50.48:626][  0]LogConfig: Setting CVar [[r.SSS.Quality:1]]
[2020.10.01-19.50.48:626][  0]LogConfig: Setting CVar [[r.SSS.HalfRes:0]]
[2020.10.01-19.50.48:626][  0]LogConfig: Setting CVar [[r.SSGI.Quality:3]]
[2020.10.01-19.50.48:626][  0]LogConfig: Setting CVar [[r.EmitterSpawnRateScale:1.0]]
[2020.10.01-19.50.48:626][  0]LogConfig: Setting CVar [[r.ParticleLightQuality:2]]
[2020.10.01-19.50.48:626][  0]LogConfig: Setting CVar [[r.SkyAtmosphere.AerialPerspectiveLUT.FastApplyOnOpaque:1 ; Always have FastSkyLUT 1 in this case to avoid wrong sky]]
[2020.10.01-19.50.48:626][  0]LogConfig: Setting CVar [[r.SkyAtmosphere.AerialPerspectiveLUT.SampleCountPerSlice:1]]
[2020.10.01-19.50.48:626][  0]LogConfig: Setting CVar [[r.SkyAtmosphere.AerialPerspectiveLUT.DepthResolution:16.0]]
[2020.10.01-19.50.48:626][  0]LogConfig: Setting CVar [[r.SkyAtmosphere.FastSkyLUT:1]]
[2020.10.01-19.50.48:627][  0]LogConfig: Setting CVar [[r.SkyAtmosphere.FastSkyLUT.SampleCountMin:4.0]]
[2020.10.01-19.50.48:627][  0]LogConfig: Setting CVar [[r.SkyAtmosphere.FastSkyLUT.SampleCountMax:32.0]]
[2020.10.01-19.50.48:627][  0]LogConfig: Setting CVar [[r.SkyAtmosphere.SampleCountMin:4.0]]
[2020.10.01-19.50.48:627][  0]LogConfig: Setting CVar [[r.SkyAtmosphere.SampleCountMax:32.0]]
[2020.10.01-19.50.48:627][  0]LogConfig: Setting CVar [[r.SkyAtmosphere.TransmittanceLUT.UseSmallFormat:0]]
[2020.10.01-19.50.48:627][  0]LogConfig: Setting CVar [[r.SkyAtmosphere.TransmittanceLUT.SampleCount:10.0]]
[2020.10.01-19.50.48:627][  0]LogConfig: Setting CVar [[r.SkyAtmosphere.MultiScatteringLUT.SampleCount:15.0]]
[2020.10.01-19.50.48:627][  0]LogConfig: Applying CVar settings from Section [FoliageQuality@3] File [C:/Unreal Projects/GuildGame/Saved/Config/Windows/Scalability.ini]
[2020.10.01-19.50.48:627][  0]LogConfig: Setting CVar [[foliage.DensityScale:1.0]]
[2020.10.01-19.50.48:627][  0]LogConfig: Setting CVar [[grass.DensityScale:1.0]]
[2020.10.01-19.50.48:627][  0]LogConfig: Applying CVar settings from Section [ShadingQuality@3] File [C:/Unreal Projects/GuildGame/Saved/Config/Windows/Scalability.ini]
[2020.10.01-19.50.48:627][  0]LogConfig: Setting CVar [[r.HairStrands.SkyLighting.SampleCount:16]]
[2020.10.01-19.50.48:627][  0]LogConfig: Setting CVar [[r.HairStrands.SkyLighting.JitterIntegration:0]]
[2020.10.01-19.50.48:627][  0]LogConfig: Setting CVar [[r.HairStrands.SkyAO.SampleCount:16]]
[2020.10.01-19.50.48:627][  0]LogConfig: Setting CVar [[r.HairStrands.DeepShadow.SuperSampling:0]]
[2020.10.01-19.50.48:627][  0]LogConfig: Setting CVar [[r.HairStrands.VisibilityPPLL:0]]
[2020.10.01-19.50.48:627][  0]LogConfig: Setting CVar [[r.HairStrands.RasterizationScale:0.5]]
[2020.10.01-19.50.48:627][  0]LogConfig: Setting CVar [[r.HairStrands.VelocityRasterizationScale:1]]
[2020.10.01-19.50.48:627][  0]LogInit: Selected Device Profile: [Windows]
[2020.10.01-19.50.48:627][  0]LogInit: Applying CVar settings loaded from the selected device profile: [Windows]
[2020.10.01-19.50.48:627][  0]LogHAL: Display: Platform has ~ 8 GB [8539230208 / 8589934592 / 8], which maps to Default [LargestMinGB=32, LargerMinGB=12, DefaultMinGB=8, SmallerMinGB=6, SmallestMinGB=0)
[2020.10.01-19.50.48:627][  0]LogInit: Going up to parent DeviceProfile []
[2020.10.01-19.50.48:627][  0]LogConfig: Applying CVar settings from Section [ViewDistanceQuality@3] File [C:/Unreal Projects/GuildGame/Saved/Config/Windows/Scalability.ini]
[2020.10.01-19.50.48:627][  0]LogConfig: Setting CVar [[r.SkeletalMeshLODBias:0]]
[2020.10.01-19.50.48:627][  0]LogConfig: Setting CVar [[r.ViewDistanceScale:1.0]]
[2020.10.01-19.50.48:627][  0]LogConfig: Applying CVar settings from Section [AntiAliasingQuality@3] File [C:/Unreal Projects/GuildGame/Saved/Config/Windows/Scalability.ini]
[2020.10.01-19.50.48:627][  0]LogConfig: Setting CVar [[r.PostProcessAAQuality:4]]
[2020.10.01-19.50.48:627][  0]LogConfig: Applying CVar settings from Section [ShadowQuality@3] File [C:/Unreal Projects/GuildGame/Saved/Config/Windows/Scalability.ini]
[2020.10.01-19.50.48:627][  0]LogConfig: Setting CVar [[r.LightFunctionQuality:1]]
[2020.10.01-19.50.48:627][  0]LogConfig: Setting CVar [[r.ShadowQuality:5]]
[2020.10.01-19.50.48:627][  0]LogConfig: Setting CVar [[r.Shadow.CSM.MaxCascades:10]]
[2020.10.01-19.50.48:627][  0]LogConfig: Setting CVar [[r.Shadow.MaxResolution:2048]]
[2020.10.01-19.50.48:627][  0]LogConfig: Setting CVar [[r.Shadow.MaxCSMResolution:2048]]
[2020.10.01-19.50.48:627][  0]LogConfig: Setting CVar [[r.Shadow.RadiusThreshold:0.01]]
[2020.10.01-19.50.48:627][  0]LogConfig: Setting CVar [[r.Shadow.DistanceScale:1.0]]
[2020.10.01-19.50.48:627][  0]LogConfig: Setting CVar [[r.Shadow.CSM.TransitionScale:1.0]]
[2020.10.01-19.50.48:627][  0]LogConfig: Setting CVar [[r.Shadow.PreShadowResolutionFactor:1.0]]
[2020.10.01-19.50.48:627][  0]LogConfig: Setting CVar [[r.DistanceFieldShadowing:1]]
[2020.10.01-19.50.48:627][  0]LogConfig: Setting CVar [[r.DistanceFieldAO:1]]
[2020.10.01-19.50.48:627][  0]LogConfig: Setting CVar [[r.AOQuality:2]]
[2020.10.01-19.50.48:627][  0]LogConfig: Setting CVar [[r.VolumetricFog:1]]
[2020.10.01-19.50.48:627][  0]LogConfig: Setting CVar [[r.VolumetricFog.GridPixelSize:8]]
[2020.10.01-19.50.48:627][  0]LogConfig: Setting CVar [[r.VolumetricFog.GridSizeZ:128]]
[2020.10.01-19.50.48:627][  0]LogConfig: Setting CVar [[r.VolumetricFog.HistoryMissSupersampleCount:4]]
[2020.10.01-19.50.48:627][  0]LogConfig: Setting CVar [[r.LightMaxDrawDistanceScale:1]]
[2020.10.01-19.50.48:627][  0]LogConfig: Setting CVar [[r.CapsuleShadows:1]]
[2020.10.01-19.50.48:627][  0]LogConfig: Applying CVar settings from Section [PostProcessQuality@3] File [C:/Unreal Projects/GuildGame/Saved/Config/Windows/Scalability.ini]
[2020.10.01-19.50.48:627][  0]LogConfig: Setting CVar [[r.MotionBlurQuality:4]]
[2020.10.01-19.50.48:627][  0]LogConfig: Setting CVar [[r.AmbientOcclusionMipLevelFactor:0.4]]
[2020.10.01-19.50.48:627][  0]LogConfig: Setting CVar [[r.AmbientOcclusionMaxQuality:100]]
[2020.10.01-19.50.48:627][  0]LogConfig: Setting CVar [[r.AmbientOcclusionLevels:-1]]
[2020.10.01-19.50.48:627][  0]LogConfig: Setting CVar [[r.AmbientOcclusionRadiusScale:1.0]]
[2020.10.01-19.50.48:627][  0]LogConfig: Setting CVar [[r.DepthOfFieldQuality:2]]
[2020.10.01-19.50.48:627][  0]LogConfig: Setting CVar [[r.RenderTargetPoolMin:400]]
[2020.10.01-19.50.48:627][  0]LogConfig: Setting CVar [[r.LensFlareQuality:2]]
[2020.10.01-19.50.48:627][  0]LogConfig: Setting CVar [[r.SceneColorFringeQuality:1]]
[2020.10.01-19.50.48:627][  0]LogConfig: Setting CVar [[r.EyeAdaptationQuality:2]]
[2020.10.01-19.50.48:627][  0]LogConfig: Setting CVar [[r.BloomQuality:5]]
[2020.10.01-19.50.48:627][  0]LogConfig: Setting CVar [[r.FastBlurThreshold:100]]
[2020.10.01-19.50.48:627][  0]LogConfig: Setting CVar [[r.Upscale.Quality:3]]
[2020.10.01-19.50.48:627][  0]LogConfig: Setting CVar [[r.Tonemapper.GrainQuantization:1]]
[2020.10.01-19.50.48:627][  0]LogConfig: Setting CVar [[r.LightShaftQuality:1]]
[2020.10.01-19.50.48:627][  0]LogConfig: Setting CVar [[r.Filter.SizeScale:1]]
[2020.10.01-19.50.48:627][  0]LogConfig: Setting CVar [[r.Tonemapper.Quality:5]]
[2020.10.01-19.50.48:628][  0]LogConfig: Setting CVar [[r.DOF.Gather.AccumulatorQuality:1        ; higher gathering accumulator quality]]
[2020.10.01-19.50.48:628][  0]LogConfig: Setting CVar [[r.DOF.Gather.PostfilterMethod:1          ; Median3x3 postfilering method]]
[2020.10.01-19.50.48:628][  0]LogConfig: Setting CVar [[r.DOF.Gather.EnableBokehSettings:0       ; no bokeh simulation when gathering]]
[2020.10.01-19.50.48:628][  0]LogConfig: Setting CVar [[r.DOF.Gather.RingCount:4                 ; medium number of samples when gathering]]
[2020.10.01-19.50.48:628][  0]LogConfig: Setting CVar [[r.DOF.Scatter.ForegroundCompositing:1    ; additive foreground scattering]]
[2020.10.01-19.50.48:628][  0]LogConfig: Setting CVar [[r.DOF.Scatter.BackgroundCompositing:2    ; additive background scattering]]
[2020.10.01-19.50.48:628][  0]LogConfig: Setting CVar [[r.DOF.Scatter.EnableBokehSettings:1      ; bokeh simulation when scattering]]
[2020.10.01-19.50.48:628][  0]LogConfig: Setting CVar [[r.DOF.Scatter.MaxSpriteRatio:0.1         ; only a maximum of 10% of scattered bokeh]]
[2020.10.01-19.50.48:628][  0]LogConfig: Setting CVar [[r.DOF.Recombine.Quality:1                ; cheap slight out of focus]]
[2020.10.01-19.50.48:628][  0]LogConfig: Setting CVar [[r.DOF.Recombine.EnableBokehSettings:0    ; no bokeh simulation on slight out of focus]]
[2020.10.01-19.50.48:628][  0]LogConfig: Setting CVar [[r.DOF.TemporalAAQuality:1                ; more stable temporal accumulation]]
[2020.10.01-19.50.48:628][  0]LogConfig: Setting CVar [[r.DOF.Kernel.MaxForegroundRadius:0.025]]
[2020.10.01-19.50.48:628][  0]LogConfig: Setting CVar [[r.DOF.Kernel.MaxBackgroundRadius:0.025]]
[2020.10.01-19.50.48:628][  0]LogConfig: Applying CVar settings from Section [TextureQuality@3] File [C:/Unreal Projects/GuildGame/Saved/Config/Windows/Scalability.ini]
[2020.10.01-19.50.48:628][  0]LogConfig: Setting CVar [[r.Streaming.MipBias:0]]
[2020.10.01-19.50.48:628][  0]LogConfig: Setting CVar [[r.Streaming.AmortizeCPUToGPUCopy:0]]
[2020.10.01-19.50.48:628][  0]LogConfig: Setting CVar [[r.Streaming.MaxNumTexturesToStreamPerFrame:0]]
[2020.10.01-19.50.48:628][  0]LogConfig: Setting CVar [[r.Streaming.Boost:1]]
[2020.10.01-19.50.48:628][  0]LogConfig: Setting CVar [[r.MaxAnisotropy:8]]
[2020.10.01-19.50.48:628][  0]LogConfig: Setting CVar [[r.VT.MaxAnisotropy:8]]
[2020.10.01-19.50.48:628][  0]LogConfig: Setting CVar [[r.Streaming.LimitPoolSizeToVRAM:0]]
[2020.10.01-19.50.48:628][  0]LogConfig: Setting CVar [[r.Streaming.PoolSize:1000]]
[2020.10.01-19.50.48:628][  0]LogConfig: Setting CVar [[r.Streaming.MaxEffectiveScreenSize:0]]
[2020.10.01-19.50.48:628][  0]LogConfig: Applying CVar settings from Section [EffectsQuality@3] File [C:/Unreal Projects/GuildGame/Saved/Config/Windows/Scalability.ini]
[2020.10.01-19.50.48:628][  0]LogConfig: Setting CVar [[r.TranslucencyLightingVolumeDim:64]]
[2020.10.01-19.50.48:628][  0]LogConfig: Setting CVar [[r.RefractionQuality:2]]
[2020.10.01-19.50.48:628][  0]LogConfig: Setting CVar [[r.SSR.Quality:3]]
[2020.10.01-19.50.48:628][  0]LogConfig: Setting CVar [[r.SSR.HalfResSceneColor:0]]
[2020.10.01-19.50.48:628][  0]LogConfig: Setting CVar [[r.SceneColorFormat:4]]
[2020.10.01-19.50.48:628][  0]LogConfig: Setting CVar [[r.DetailMode:2]]
[2020.10.01-19.50.48:628][  0]LogConfig: Setting CVar [[r.TranslucencyVolumeBlur:1]]
[2020.10.01-19.50.48:628][  0]LogConfig: Setting CVar [[r.MaterialQualityLevel:1 ; High quality]]
[2020.10.01-19.50.48:628][  0]LogConfig: Setting CVar [[r.SSS.Scale:1]]
[2020.10.01-19.50.48:628][  0]LogConfig: Setting CVar [[r.SSS.SampleSet:2]]
[2020.10.01-19.50.48:628][  0]LogConfig: Setting CVar [[r.SSS.Quality:1]]
[2020.10.01-19.50.48:628][  0]LogConfig: Setting CVar [[r.SSS.HalfRes:0]]
[2020.10.01-19.50.48:628][  0]LogConfig: Setting CVar [[r.SSGI.Quality:3]]
[2020.10.01-19.50.48:628][  0]LogConfig: Setting CVar [[r.EmitterSpawnRateScale:1.0]]
[2020.10.01-19.50.48:628][  0]LogConfig: Setting CVar [[r.ParticleLightQuality:2]]
[2020.10.01-19.50.48:628][  0]LogConfig: Setting CVar [[r.SkyAtmosphere.AerialPerspectiveLUT.FastApplyOnOpaque:1 ; Always have FastSkyLUT 1 in this case to avoid wrong sky]]
[2020.10.01-19.50.48:628][  0]LogConfig: Setting CVar [[r.SkyAtmosphere.AerialPerspectiveLUT.SampleCountPerSlice:1]]
[2020.10.01-19.50.48:628][  0]LogConfig: Setting CVar [[r.SkyAtmosphere.AerialPerspectiveLUT.DepthResolution:16.0]]
[2020.10.01-19.50.48:628][  0]LogConfig: Setting CVar [[r.SkyAtmosphere.FastSkyLUT:1]]
[2020.10.01-19.50.48:628][  0]LogConfig: Setting CVar [[r.SkyAtmosphere.FastSkyLUT.SampleCountMin:4.0]]
[2020.10.01-19.50.48:628][  0]LogConfig: Setting CVar [[r.SkyAtmosphere.FastSkyLUT.SampleCountMax:32.0]]
[2020.10.01-19.50.48:628][  0]LogConfig: Setting CVar [[r.SkyAtmosphere.SampleCountMin:4.0]]
[2020.10.01-19.50.48:628][  0]LogConfig: Setting CVar [[r.SkyAtmosphere.SampleCountMax:32.0]]
[2020.10.01-19.50.48:628][  0]LogConfig: Setting CVar [[r.SkyAtmosphere.TransmittanceLUT.UseSmallFormat:0]]
[2020.10.01-19.50.48:628][  0]LogConfig: Setting CVar [[r.SkyAtmosphere.TransmittanceLUT.SampleCount:10.0]]
[2020.10.01-19.50.48:628][  0]LogConfig: Setting CVar [[r.SkyAtmosphere.MultiScatteringLUT.SampleCount:15.0]]
[2020.10.01-19.50.48:628][  0]LogConfig: Applying CVar settings from Section [FoliageQuality@3] File [C:/Unreal Projects/GuildGame/Saved/Config/Windows/Scalability.ini]
[2020.10.01-19.50.48:628][  0]LogConfig: Setting CVar [[foliage.DensityScale:1.0]]
[2020.10.01-19.50.48:628][  0]LogConfig: Setting CVar [[grass.DensityScale:1.0]]
[2020.10.01-19.50.48:628][  0]LogConfig: Applying CVar settings from Section [ShadingQuality@3] File [C:/Unreal Projects/GuildGame/Saved/Config/Windows/Scalability.ini]
[2020.10.01-19.50.48:628][  0]LogConfig: Setting CVar [[r.HairStrands.SkyLighting.SampleCount:16]]
[2020.10.01-19.50.48:628][  0]LogConfig: Setting CVar [[r.HairStrands.SkyLighting.JitterIntegration:0]]
[2020.10.01-19.50.48:628][  0]LogConfig: Setting CVar [[r.HairStrands.SkyAO.SampleCount:16]]
[2020.10.01-19.50.48:628][  0]LogConfig: Setting CVar [[r.HairStrands.DeepShadow.SuperSampling:0]]
[2020.10.01-19.50.48:628][  0]LogConfig: Setting CVar [[r.HairStrands.VisibilityPPLL:0]]
[2020.10.01-19.50.48:628][  0]LogConfig: Setting CVar [[r.HairStrands.RasterizationScale:0.5]]
[2020.10.01-19.50.48:628][  0]LogConfig: Setting CVar [[r.HairStrands.VelocityRasterizationScale:1]]
[2020.10.01-19.50.48:628][  0]LogConfig: Applying CVar settings from Section [Startup] File [../../../Engine/Config/ConsoleVariables.ini]
[2020.10.01-19.50.48:645][  0]LogConfig: Setting CVar [[net.UseAdaptiveNetUpdateFrequency:0]]
[2020.10.01-19.50.48:645][  0]LogConfig: Setting CVar [[p.chaos.AllowCreatePhysxBodies:1]]
[2020.10.01-19.50.48:645][  0]LogConfig: Setting CVar [[fx.SkipVectorVMBackendOptimizations:1]]
[2020.10.01-19.50.48:645][  0]LogConfig: Applying CVar settings from Section [ConsoleVariables] File [C:/Unreal Projects/GuildGame/Saved/Config/Windows/Engine.ini]
[2020.10.01-19.50.48:645][  0]LogInit: Computer: DESKTOP-7FBA03P
[2020.10.01-19.50.48:645][  0]LogInit: User: ataip
[2020.10.01-19.50.48:645][  0]LogInit: CPU Page size=4096, Cores=4
[2020.10.01-19.50.48:645][  0]LogInit: High frequency timer resolution =10.000000 MHz
[2020.10.01-19.50.48:646][  0]LogMemory: Memory total: Physical=8.0GB (8GB approx)
[2020.10.01-19.50.48:646][  0]LogMemory: Platform Memory Stats for Windows
[2020.10.01-19.50.48:646][  0]LogMemory: Process Physical Memory: 115.48 MB used, 115.48 MB peak
[2020.10.01-19.50.48:646][  0]LogMemory: Process Virtual Memory: 104.30 MB used, 104.30 MB peak
[2020.10.01-19.50.48:646][  0]LogMemory: Physical Memory: 5704.12 MB used,  2439.52 MB free, 8143.64 MB total
[2020.10.01-19.50.48:646][  0]LogMemory: Virtual Memory: 5153.18 MB used,  134212576.00 MB free, 134217728.00 MB total
[2020.10.01-19.50.48:651][  0]LogWindows: WindowsPlatformFeatures enabled
[2020.10.01-19.50.48:844][  0]LogInit: Physics initialised using underlying interface: PhysX
[2020.10.01-19.50.48:850][  0]LogInit: Using OS detected language (tr-TR).
[2020.10.01-19.50.48:850][  0]LogInit: Using OS detected locale (tr-TR).
[2020.10.01-19.50.48:904][  0]LogTextLocalizationManager: No localization for 'tr-TR' exists, so 'en' will be used for the language.
[2020.10.01-19.50.49:401][  0]LogInit: Setting process to per monitor DPI aware
[2020.10.01-19.50.49:516][  0]LogSlate: New Slate User Created.  User Index 0, Is Virtual User: 0
[2020.10.01-19.50.49:516][  0]LogSlate: Slate User Registered.  User Index 0, Is Virtual User: 0
[2020.10.01-19.50.53:251][  0]LogHMD: Failed to initialize OpenVR with code 110
[2020.10.01-19.50.53:251][  0]LogD3D11RHI: D3D11 min allowed feature level: 11_0
[2020.10.01-19.50.53:251][  0]LogD3D11RHI: D3D11 max allowed feature level: 11_0
[2020.10.01-19.50.53:251][  0]LogD3D11RHI: D3D11 adapters:
[2020.10.01-19.50.53:443][  0]LogD3D11RHI:    0. 'NVIDIA GeForce GTX 980' (Feature Level 11_0)
[2020.10.01-19.50.53:443][  0]LogD3D11RHI:       4053/0/4071 MB DedicatedVideo/DedicatedSystem/SharedSystem, Outputs:2, VendorId:0x10de
[2020.10.01-19.50.53:446][  0]LogD3D11RHI:    1. 'Microsoft Basic Render Driver' (Feature Level 11_0)
[2020.10.01-19.50.53:446][  0]LogD3D11RHI:       0/0/4071 MB DedicatedVideo/DedicatedSystem/SharedSystem, Outputs:0, VendorId:0x1414
[2020.10.01-19.50.53:446][  0]LogD3D11RHI: Chosen D3D11 Adapter: 0
[2020.10.01-19.50.53:454][  0]LogD3D11RHI: Creating new Direct3DDevice
[2020.10.01-19.50.53:455][  0]LogD3D11RHI:     GPU DeviceId: 0x13c0 (for the marketing name, search the web for "GPU Device Id")
[2020.10.01-19.50.53:455][  0]LogWindows: EnumDisplayDevices:
[2020.10.01-19.50.53:455][  0]LogWindows:    0. 'NVIDIA GeForce GTX 980' (P:1 D:1)
[2020.10.01-19.50.53:455][  0]LogWindows:    1. 'NVIDIA GeForce GTX 980' (P:0 D:1)
[2020.10.01-19.50.53:455][  0]LogWindows:    2. 'NVIDIA GeForce GTX 980' (P:0 D:0)
[2020.10.01-19.50.53:456][  0]LogWindows:    3. 'NVIDIA GeForce GTX 980' (P:0 D:0)
[2020.10.01-19.50.53:456][  0]LogWindows: DebugString: FoundDriverCount:4 
[2020.10.01-19.50.53:456][  0]LogD3D11RHI:     Adapter Name: NVIDIA GeForce GTX 980
[2020.10.01-19.50.53:456][  0]LogD3D11RHI:   Driver Version: 442.74 (internal:26.21.14.4274, unified:442.74)
[2020.10.01-19.50.53:456][  0]LogD3D11RHI:      Driver Date: 3-13-2020
[2020.10.01-19.50.53:456][  0]LogRHI: Texture pool is 2837 MB (70% of 4053 MB)
[2020.10.01-19.50.53:511][  0]LogD3D11RHI: RHI has support for 64 bit atomics
[2020.10.01-19.50.53:512][  0]LogD3D11RHI: [Aftermath] Enabled and primed
[2020.10.01-19.50.53:512][  0]LogD3D11RHI: Async texture creation enabled
[2020.10.01-19.50.53:512][  0]LogD3D11RHI: Array index from any shader is supported
[2020.10.01-19.50.53:547][  0]LogD3D11RHI: GPU Timing Frequency: 1000.000000 (Debug: 2 1)
[2020.10.01-19.50.53:889][  0]LogTargetPlatformManager: Display: Loaded TargetPlatform 'AllDesktop'
[2020.10.01-19.50.53:924][  0]LogTargetPlatformManager: Display: Loaded TargetPlatform 'Android'
[2020.10.01-19.50.53:924][  0]LogTargetPlatformManager: Display: Loaded TargetPlatform 'Android_ASTC'
[2020.10.01-19.50.53:924][  0]LogTargetPlatformManager: Display: Loaded TargetPlatform 'Android_DXT'
[2020.10.01-19.50.53:924][  0]LogTargetPlatformManager: Display: Loaded TargetPlatform 'Android_ETC2'
[2020.10.01-19.50.53:924][  0]LogTargetPlatformManager: Display: Loaded TargetPlatform 'AndroidClient'
[2020.10.01-19.50.53:924][  0]LogTargetPlatformManager: Display: Loaded TargetPlatform 'Android_ASTCClient'
[2020.10.01-19.50.53:924][  0]LogTargetPlatformManager: Display: Loaded TargetPlatform 'Android_DXTClient'
[2020.10.01-19.50.53:924][  0]LogTargetPlatformManager: Display: Loaded TargetPlatform 'Android_ETC2Client'
[2020.10.01-19.50.53:924][  0]LogTargetPlatformManager: Display: Loaded TargetPlatform 'Android_Multi'
[2020.10.01-19.50.53:924][  0]LogTargetPlatformManager: Display: Loaded TargetPlatform 'Android_MultiClient'
[2020.10.01-19.50.53:992][  0]LogTargetPlatformManager: Display: Loaded TargetPlatform 'IOSClient'
[2020.10.01-19.50.53:992][  0]LogTargetPlatformManager: Display: Loaded TargetPlatform 'IOS'
[2020.10.01-19.50.54:027][  0]LogTargetPlatformManager: Display: Loaded TargetPlatform 'Linux'
[2020.10.01-19.50.54:035][  0]LogTargetPlatformManager: Display: Loaded TargetPlatform 'LinuxNoEditor'
[2020.10.01-19.50.54:046][  0]LogTargetPlatformManager: Display: Loaded TargetPlatform 'LinuxClient'
[2020.10.01-19.50.54:059][  0]LogTargetPlatformManager: Display: Loaded TargetPlatform 'LinuxServer'
[2020.10.01-19.50.54:072][  0]LogTargetPlatformManager: Display: Loaded TargetPlatform 'LinuxAArch64NoEditor'
[2020.10.01-19.50.54:084][  0]LogTargetPlatformManager: Display: Loaded TargetPlatform 'LinuxAArch64Client'
[2020.10.01-19.50.54:097][  0]LogTargetPlatformManager: Display: Loaded TargetPlatform 'LinuxAArch64Server'
[2020.10.01-19.50.54:141][  0]LogTargetPlatformManager: Display: Loaded TargetPlatform 'Lumin'
[2020.10.01-19.50.54:141][  0]LogTargetPlatformManager: Display: Loaded TargetPlatform 'LuminClient'
[2020.10.01-19.50.54:161][  0]LogTargetPlatformManager: Display: Loaded TargetPlatform 'TVOSClient'
[2020.10.01-19.50.54:161][  0]LogTargetPlatformManager: Display: Loaded TargetPlatform 'TVOS'
[2020.10.01-19.50.54:172][  0]LogTargetPlatformManager: Display: Loaded TargetPlatform 'WindowsNoEditor'
[2020.10.01-19.50.54:196][  0]LogTargetPlatformManager: Display: Loaded TargetPlatform 'Windows'
[2020.10.01-19.50.54:205][  0]LogTargetPlatformManager: Display: Loaded TargetPlatform 'WindowsClient'
[2020.10.01-19.50.54:215][  0]LogTargetPlatformManager: Display: Loaded TargetPlatform 'WindowsServer'
[2020.10.01-19.50.54:215][  0]LogTargetPlatformManager: Display: Building Assets For Windows
[2020.10.01-19.50.54:273][  0]LogAudioDebug: Display: Lib vorbis DLL was dynamically loaded.
[2020.10.01-19.50.54:514][  0]LogShaderCompilers: Guid format shader working directory is 17 characters bigger than the processId version (C:/Unreal Projects/GuildGame/Intermediate/Shaders/WorkingDirectory/11940/).
[2020.10.01-19.50.54:514][  0]LogShaderCompilers: Cleaned the shader compiler working directory 'C:/Users/ataip/AppData/Local/Temp/UnrealShaderWorkingDir/6D6752184C4E96A323C28CA8895732C6/'.
[2020.10.01-19.50.54:515][  0]LogXGEController: Cleaning working directory: C:/Users/ataip/AppData/Local/Temp/UnrealXGEWorkingDir/
[2020.10.01-19.50.54:515][  0]LogXGEController: Cannot use XGE Controller as Incredibuild is not installed on this machine.
[2020.10.01-19.50.54:515][  0]LogShaderCompilers: Cannot use XGE Shader Compiler as Incredibuild is not installed on this machine.
[2020.10.01-19.50.54:515][  0]LogShaderCompilers: Display: Using Local Shader Compiler.
[2020.10.01-19.50.58:250][  0]LogDerivedDataCache: Display: Max Cache Size: 512 MB
[2020.10.01-19.50.58:453][  0]LogDerivedDataCache: Loaded boot cache 0.20s 75MB C:/Users/ataip/AppData/Local/UnrealEngine/4.25/DerivedDataCache/Boot.ddc.
[2020.10.01-19.50.58:453][  0]LogDerivedDataCache: Display: Loaded Boot cache: C:/Users/ataip/AppData/Local/UnrealEngine/4.25/DerivedDataCache/Boot.ddc
[2020.10.01-19.50.58:453][  0]LogDerivedDataCache: FDerivedDataBackendGraph:  Pak pak cache file C:/Unreal Projects/GuildGame/DerivedDataCache/DDC.ddp not found, will not use a pak cache.
[2020.10.01-19.50.58:453][  0]LogDerivedDataCache: Unable to find inner node Pak for hierarchical cache Hierarchy.
[2020.10.01-19.50.58:453][  0]LogDerivedDataCache: FDerivedDataBackendGraph:  CompressedPak pak cache file C:/Unreal Projects/GuildGame/DerivedDataCache/Compressed.ddp not found, will not use a pak cache.
[2020.10.01-19.50.58:453][  0]LogDerivedDataCache: Unable to find inner node CompressedPak for hierarchical cache Hierarchy.
[2020.10.01-19.50.58:463][  0]LogDerivedDataCache: Display: Pak cache opened for reading ../../../Engine/DerivedDataCache/Compressed.ddp.
[2020.10.01-19.50.58:463][  0]LogDerivedDataCache: FDerivedDataBackendGraph:  EnterprisePak pak cache file ../../../Enterprise/DerivedDataCache/Compressed.ddp not found, will not use a pak cache.
[2020.10.01-19.50.58:463][  0]LogDerivedDataCache: Unable to find inner node EnterprisePak for hierarchical cache Hierarchy.
[2020.10.01-19.50.58:464][  0]LogDerivedDataCache: Using Local data cache path C:/Users/ataip/AppData/Local/UnrealEngine/Common/DerivedDataCache: Writable
[2020.10.01-19.50.58:464][  0]LogDerivedDataCache: Shared data cache path not found in *engine.ini, will not use an Shared cache.
[2020.10.01-19.50.58:464][  0]LogDerivedDataCache: Unable to find inner node Shared for hierarchical cache Hierarchy.
[2020.10.01-19.50.58:517][  0]LogSlate: Using FreeType 2.10.0
[2020.10.01-19.50.58:517][  0]LogSlate: SlateFontServices - WITH_FREETYPE: 1, WITH_HARFBUZZ: 1
[2020.10.01-19.50.58:732][  0]LogAssetRegistry: FAssetRegistry took 0.0032 seconds to start up
[2020.10.01-19.50.59:015][  0]LogInit: Selected Device Profile: [Windows]
[2020.10.01-19.50.59:471][  0]LogMeshReduction: Using QuadricMeshReduction for automatic static mesh reduction
[2020.10.01-19.50.59:471][  0]LogMeshReduction: Using SimplygonMeshReduction for automatic skeletal mesh reduction
[2020.10.01-19.50.59:471][  0]LogMeshReduction: Using ProxyLODMeshReduction for automatic mesh merging
[2020.10.01-19.50.59:471][  0]LogMeshReduction: No distributed automatic mesh merging module available
[2020.10.01-19.50.59:471][  0]LogMeshMerging: No distributed automatic mesh merging module available
[2020.10.01-19.50.59:496][  0]LogNetVersion: GuildGame 1.0.0, NetCL: 13144385, EngineNetVer: 14, GameNetVer: 0 (Checksum: 536286571)
[2020.10.01-19.51.03:953][  0]LogAISub: UAISubsystem::UAISubsystem AISubsystem (00000219D4407740), frame # 0
[2020.10.01-19.51.03:953][  0]LogAISub: UAISubsystem::UAISubsystem AIPerceptionSystem (00000219D443C680), frame # 0
[2020.10.01-19.51.03:954][  0]LogAISub: UAISubsystem::UAISubsystem EnvQueryManager (00000219D4461C00), frame # 0
[2020.10.01-19.51.04:015][  0]LogPackageLocalizationCache: Processed 20 localized package path(s) for 1 prioritized culture(s) in 0.055628 seconds
[2020.10.01-19.51.04:020][  0]LogUObjectArray: 15917 objects as part of root set at end of initial load.
[2020.10.01-19.51.04:020][  0]LogUObjectAllocator: 3965568 out of 0 bytes used by permanent object pool.
[2020.10.01-19.51.04:020][  0]LogUObjectArray: CloseDisregardForGC: 0/0 objects in disregard for GC pool
[2020.10.01-19.51.06:083][  0]LogTcpMessaging: Initializing TcpMessaging bridge
[2020.10.01-19.51.06:100][  0]LogUdpMessaging: Initializing bridge on interface 0.0.0.0:0 to multicast group 230.0.0.1:6666.
[2020.10.01-19.51.06:176][  0]LogModuleManager: Warning: ModuleManager: Unable to load module 'RiderLink' because the file 'C:/Unreal Projects/GuildGame/Plugins/Developer/RiderLink/Binaries/Win64/UE4Editor-RiderLink-0004.dll' was not found.
[2020.10.01-19.51.08:886][  0]LogWindowsTextInputMethodSystem: Display: IME system now deactivated.
[2020.10.01-19.51.08:889][  0]Message dialog closed, result: Ok, title: Message, text: Plugin 'RiderLink' failed to load because module 'RiderLink' could not be found.  Please ensure the plugin is properly installed, otherwise consider disabling the plugin for this project.
[2020.10.01-19.51.08:889][  0]LogCore: Engine exit requested (reason: EngineExit() was called)
[2020.10.01-19.51.08:920][  0]LogSlate: Slate User Destroyed.  User Index 0, Is Virtual User: 0
[2020.10.01-19.51.08:927][  0]LogExit: Preparing to exit.
[2020.10.01-19.51.09:817][  0]LogDemo: Cleaned up 0 splitscreen connections with owner deletion
[2020.10.01-19.51.11:077][  0]LogAISub: UAISubsystem::~UAISubsystem AISubsystem (00000219D4407740), frame # 0
[2020.10.01-19.51.11:077][  0]LogAISub: UAISubsystem::~UAISubsystem AIPerceptionSystem (00000219D443C680), frame # 0
[2020.10.01-19.51.11:084][  0]LogAISub: UAISubsystem::~UAISubsystem EnvQueryManager (00000219D4461C00), frame # 0
[2020.10.01-19.51.11:588][  0]LogExit: Object subsystem successfully closed.
[2020.10.01-19.51.11:616][  0]LogShaderCompilers: Display: Shaders left to compile 0
[2020.10.01-19.51.12:182][  0]LogModuleManager: Shutting down and abandoning module SoundFields (364)
[2020.10.01-19.51.12:182][  0]LogModuleManager: Shutting down and abandoning module SignificanceManager (362)
[2020.10.01-19.51.12:182][  0]LogModuleManager: Shutting down and abandoning module RuntimePhysXCooking (360)
[2020.10.01-19.51.12:182][  0]LogModuleManager: Shutting down and abandoning module PhysXVehiclesEditor (358)
[2020.10.01-19.51.12:192][  0]LogModuleManager: Shutting down and abandoning module LocationServicesBPLibrary (354)
[2020.10.01-19.51.12:192][  0]LogModuleManager: Shutting down and abandoning module ActorSequence (352)
[2020.10.01-19.51.12:192][  0]LogModuleManager: Shutting down and abandoning module UdpMessaging (350)
[2020.10.01-19.51.12:294][  0]LogModuleManager: Shutting down and abandoning module TcpMessaging (348)
[2020.10.01-19.51.12:411][  0]LogModuleManager: Shutting down and abandoning module MagicLeapARPin (346)
[2020.10.01-19.51.12:411][  0]LogModuleManager: Shutting down and abandoning module MagicLeapHandMeshing (344)
[2020.10.01-19.51.12:411][  0]LogModuleManager: Shutting down and abandoning module MagicLeapSecureStorage (342)
[2020.10.01-19.51.12:411][  0]LogModuleManager: Shutting down and abandoning module MagicLeapPrivileges (340)
[2020.10.01-19.51.12:411][  0]LogModuleManager: Shutting down and abandoning module MagicLeapPlanes (338)
[2020.10.01-19.51.12:422][  0]LogMagicLeapPlanes: Planes tracker already destroyed.
[2020.10.01-19.51.12:422][  0]LogModuleManager: Shutting down and abandoning module MagicLeapImageTracker (336)
[2020.10.01-19.51.12:422][  0]LogModuleManager: Shutting down and abandoning module MagicLeapIdentity (334)
[2020.10.01-19.51.12:422][  0]LogModuleManager: Shutting down and abandoning module MagicLeapHandTracking (332)
[2020.10.01-19.51.12:422][  0]LogModuleManager: Shutting down and abandoning module MagicLeapEyeTracker (330)
[2020.10.01-19.51.12:422][  0]LogModuleManager: Shutting down and abandoning module MagicLeapController (328)
[2020.10.01-19.51.12:422][  0]LogModuleManager: Shutting down and abandoning module MagicLeapARPinImpl (326)
[2020.10.01-19.51.12:427][  0]LogModuleManager: Shutting down and abandoning module MagicLeapAR (324)
[2020.10.01-19.51.12:427][  0]LogModuleManager: Shutting down and abandoning module AugmentedReality (323)
[2020.10.01-19.51.12:427][  0]LogModuleManager: Shutting down and abandoning module NiagaraAnimNotifies (320)
[2020.10.01-19.51.12:427][  0]LogModuleManager: Shutting down and abandoning module Niagara (318)
[2020.10.01-19.51.12:449][  0]LogModuleManager: Shutting down and abandoning module SignalProcessing (317)
[2020.10.01-19.51.12:449][  0]LogModuleManager: Shutting down and abandoning module NiagaraEditor (315)
[2020.10.01-19.51.12:493][  0]LogModuleManager: Shutting down and abandoning module NiagaraCore (312)
[2020.10.01-19.51.12:493][  0]LogModuleManager: Shutting down and abandoning module GameplayTagsEditor (310)
[2020.10.01-19.51.12:515][  0]LogModuleManager: Shutting down and abandoning module FacialAnimationEditor (308)
[2020.10.01-19.51.12:515][  0]LogModuleManager: Shutting down and abandoning module FacialAnimation (306)
[2020.10.01-19.51.12:515][  0]LogModuleManager: Shutting down and abandoning module DataValidation (304)
[2020.10.01-19.51.12:515][  0]LogModuleManager: Shutting down and abandoning module AssetManagerEditor (302)
[2020.10.01-19.51.12:531][  0]LogModuleManager: Shutting down and abandoning module LevelEditor (301)
[2020.10.01-19.51.12:566][  0]LogModuleManager: Shutting down and abandoning module PixelInspectorModule (300)
[2020.10.01-19.51.12:574][  0]LogModuleManager: Shutting down and abandoning module CommonMenuExtensions (298)
[2020.10.01-19.51.12:574][  0]LogModuleManager: Shutting down and abandoning module MainFrame (296)
[2020.10.01-19.51.12:587][  0]LogModuleManager: Shutting down and abandoning module HotReload (295)
[2020.10.01-19.51.12:588][  0]LogModuleManager: Shutting down and abandoning module ToolMenus (291)
[2020.10.01-19.51.12:588][  0]LogModuleManager: Shutting down and abandoning module TreeMap (289)
[2020.10.01-19.51.12:605][  0]LogModuleManager: Shutting down and abandoning module AnimationSharing (286)
[2020.10.01-19.51.12:605][  0]LogModuleManager: Shutting down and abandoning module LightPropagationVolumeRuntime (284)
[2020.10.01-19.51.12:605][  0]LogModuleManager: Shutting down and abandoning module Paper2D (282)
[2020.10.01-19.51.12:606][  0]LogModuleManager: Shutting down and abandoning module WindowsMoviePlayer (280)
[2020.10.01-19.51.12:615][  0]LogModuleManager: Shutting down and abandoning module WebMMoviePlayer (278)
[2020.10.01-19.51.12:618][  0]LogModuleManager: Shutting down and abandoning module NetworkReplayStreaming (276)
[2020.10.01-19.51.12:618][  0]LogModuleManager: Shutting down and abandoning module PacketHandler (274)
[2020.10.01-19.51.12:618][  0]LogModuleManager: Shutting down and abandoning module ClothingSystemEditor (272)
[2020.10.01-19.51.12:618][  0]LogModuleManager: Shutting down and abandoning module ClothingSystemRuntimeNv (270)
[2020.10.01-19.51.12:634][  0]LogModuleManager: Shutting down and abandoning module MediaAssets (268)
[2020.10.01-19.51.12:634][  0]LogModuleManager: Shutting down and abandoning module Overlay (266)
[2020.10.01-19.51.12:634][  0]LogModuleManager: Shutting down and abandoning module OverlayEditor (265)
[2020.10.01-19.51.12:634][  0]LogModuleManager: Shutting down and abandoning module VREditor (262)
[2020.10.01-19.51.12:651][  0]LogModuleManager: Shutting down and abandoning module StringTableEditor (260)
[2020.10.01-19.51.12:651][  0]LogModuleManager: Shutting down and abandoning module GameplayTasksEditor (258)
[2020.10.01-19.51.12:651][  0]LogModuleManager: Shutting down and abandoning module BehaviorTreeEditor (256)
[2020.10.01-19.51.12:678][  0]LogModuleManager: Shutting down and abandoning module FunctionalTesting (254)
[2020.10.01-19.51.12:692][  0]LogModuleManager: Shutting down and abandoning module CollisionAnalyzer (252)
[2020.10.01-19.51.12:704][  0]LogModuleManager: Shutting down and abandoning module UMG (250)
[2020.10.01-19.51.12:724][  0]LogModuleManager: Shutting down and abandoning module UMGEditor (249)
[2020.10.01-19.51.12:743][  0]LogModuleManager: Shutting down and abandoning module MessageLog (247)
[2020.10.01-19.51.12:743][  0]LogModuleManager: Shutting down and abandoning module MaterialEditor (245)
[2020.10.01-19.51.12:743][  0]LogModuleManager: Shutting down and abandoning module ContentBrowser (244)
[2020.10.01-19.51.12:743][  0]LogModuleManager: Shutting down and abandoning module WorkspaceMenuStructure (243)
[2020.10.01-19.51.12:743][  0]LogModuleManager: Shutting down and abandoning module SlateReflector (236)
[2020.10.01-19.51.12:771][  0]LogModuleManager: Shutting down and abandoning module Slate (234)
[2020.10.01-19.51.12:771][  0]LogModuleManager: Shutting down and abandoning module SlateCore (232)
[2020.10.01-19.51.12:771][  0]LogModuleManager: Shutting down and abandoning module LandscapeEditorUtilities (230)
[2020.10.01-19.51.12:771][  0]LogModuleManager: Shutting down and abandoning module UnrealEd (228)
[2020.10.01-19.51.12:771][  0]LogModuleManager: Shutting down and abandoning module MRMesh (226)
[2020.10.01-19.51.12:771][  0]LogModuleManager: Shutting down and abandoning module SourceCodeAccess (224)
[2020.10.01-19.51.12:771][  0]LogModuleManager: Shutting down and abandoning module HeadMountedDisplay (222)
[2020.10.01-19.51.12:771][  0]LogModuleManager: Shutting down and abandoning module XAudio2 (220)
[2020.10.01-19.51.12:776][  0]LogModuleManager: Shutting down and abandoning module Networking (218)
[2020.10.01-19.51.12:776][  0]LogModuleManager: Shutting down and abandoning module Core (216)
[2020.10.01-19.51.12:776][  0]LogModuleManager: Shutting down and abandoning module MovieSceneTools (214)
[2020.10.01-19.51.12:791][  0]LogModuleManager: Shutting down and abandoning module CurveEditor (213)
[2020.10.01-19.51.12:799][  0]LogModuleManager: Shutting down and abandoning module Sequencer (211)
[2020.10.01-19.51.12:841][  0]LogModuleManager: Shutting down and abandoning module EditorStyle (210)
[2020.10.01-19.51.12:842][  0]LogModuleManager: Shutting down and abandoning module KismetCompiler (206)
[2020.10.01-19.51.12:842][  0]LogModuleManager: Shutting down and abandoning module MeshBuilder (204)
[2020.10.01-19.51.12:865][  0]LogModuleManager: Shutting down and abandoning module MeshUtilities (202)
[2020.10.01-19.51.12:879][  0]LogModuleManager: Shutting down and abandoning module MeshMergeUtilities (201)
[2020.10.01-19.51.12:892][  0]LogModuleManager: Shutting down and abandoning module MeshReductionInterface (200)
[2020.10.01-19.51.12:892][  0]LogModuleManager: Shutting down and abandoning module MeshBoneReduction (199)
[2020.10.01-19.51.12:893][  0]LogModuleManager: Shutting down and abandoning module SkeletalMeshReduction (197)
[2020.10.01-19.51.12:903][  0]LogModuleManager: Shutting down and abandoning module ProxyLODMeshReduction (195)
[2020.10.01-19.51.12:928][  0]LogModuleManager: Shutting down and abandoning module QuadricMeshReduction (193)
[2020.10.01-19.51.12:936][  0]LogModuleManager: Shutting down and abandoning module MaterialBaking (189)
[2020.10.01-19.51.12:947][  0]LogModuleManager: Shutting down and abandoning module NullInstallBundleManager (184)
[2020.10.01-19.51.12:947][  0]LogModuleManager: Shutting down and abandoning module DerivedDataCache (182)
[2020.10.01-19.51.12:947][  0]LogModuleManager: Shutting down and abandoning module XGEController (180)
[2020.10.01-19.51.12:947][  0]LogXGEController: Cleaning working directory: C:/Users/ataip/AppData/Local/Temp/UnrealXGEWorkingDir/
[2020.10.01-19.51.12:947][  0]LogModuleManager: Shutting down and abandoning module TargetPlatform (178)
[2020.10.01-19.51.12:954][  0]LogModuleManager: Shutting down and abandoning module VulkanShaderFormat (177)
[2020.10.01-19.51.12:962][  0]LogModuleManager: Shutting down and abandoning module ShaderFormatVectorVM (175)
[2020.10.01-19.51.12:974][  0]LogModuleManager: Shutting down and abandoning module ShaderFormatOpenGL (173)
[2020.10.01-19.51.13:013][  0]LogModuleManager: Shutting down and abandoning module ShaderFormatD3D (171)
[2020.10.01-19.51.13:013][  0]LogModuleManager: Shutting down and abandoning module MetalShaderFormat (169)
[2020.10.01-19.51.13:028][  0]LogModuleManager: Shutting down and abandoning module TextureFormatUncompressed (167)
[2020.10.01-19.51.13:028][  0]LogModuleManager: Shutting down and abandoning module TextureFormatPVR (165)
[2020.10.01-19.51.13:028][  0]LogModuleManager: Shutting down and abandoning module TextureFormatDXT (163)
[2020.10.01-19.51.13:039][  0]LogModuleManager: Shutting down and abandoning module TextureFormatIntelISPCTexComp (161)
[2020.10.01-19.51.13:048][  0]LogModuleManager: Shutting down and abandoning module TextureFormatASTC (159)
[2020.10.01-19.51.13:048][  0]LogModuleManager: Shutting down and abandoning module ImageWrapper (158)
[2020.10.01-19.51.13:048][  0]LogModuleManager: Shutting down and abandoning module TextureFormatAndroid (155)
[2020.10.01-19.51.13:048][  0]LogModuleManager: Shutting down and abandoning module AudioFormatOpus (153)
[2020.10.01-19.51.13:058][  0]LogModuleManager: Shutting down and abandoning module AudioFormatOgg (151)
[2020.10.01-19.51.13:058][  0]LogModuleManager: Shutting down and abandoning module AudioFormatADPCM (149)
[2020.10.01-19.51.13:066][  0]LogModuleManager: Shutting down and abandoning module WindowsServerTargetPlatform (147)
[2020.10.01-19.51.13:066][  0]LogModuleManager: Shutting down and abandoning module WindowsClientTargetPlatform (145)
[2020.10.01-19.51.13:066][  0]LogModuleManager: Shutting down and abandoning module WindowsTargetPlatform (143)
[2020.10.01-19.51.13:066][  0]LogModuleManager: Shutting down and abandoning module WindowsNoEditorTargetPlatform (141)
[2020.10.01-19.51.13:066][  0]LogModuleManager: Shutting down and abandoning module TVOSTargetPlatform (139)
[2020.10.01-19.51.13:074][  0]LogModuleManager: Shutting down and abandoning module LuminTargetPlatform (137)
[2020.10.01-19.51.13:075][  0]LogModuleManager: Shutting down and abandoning module LinuxAArch64ServerTargetPlatform (135)
[2020.10.01-19.51.13:085][  0]LogModuleManager: Shutting down and abandoning module LinuxAArch64ClientTargetPlatform (133)
[2020.10.01-19.51.13:090][  0]LogModuleManager: Shutting down and abandoning module LinuxAArch64NoEditorTargetPlatform (131)
[2020.10.01-19.51.13:097][  0]LogModuleManager: Shutting down and abandoning module LinuxServerTargetPlatform (129)
[2020.10.01-19.51.13:106][  0]LogModuleManager: Shutting down and abandoning module LinuxClientTargetPlatform (127)
[2020.10.01-19.51.13:116][  0]LogModuleManager: Shutting down and abandoning module LinuxNoEditorTargetPlatform (125)
[2020.10.01-19.51.13:120][  0]LogModuleManager: Shutting down and abandoning module LinuxTargetPlatform (123)
[2020.10.01-19.51.13:120][  0]LogModuleManager: Shutting down and abandoning module Messaging (121)
[2020.10.01-19.51.13:120][  0]LogModuleManager: Shutting down and abandoning module IOSTargetPlatform (119)
[2020.10.01-19.51.13:121][  0]LogModuleManager: Shutting down and abandoning module AndroidTargetPlatform (117)
[2020.10.01-19.51.13:123][  0]LogModuleManager: Shutting down and abandoning module AllDesktopTargetPlatform (115)
[2020.10.01-19.51.13:123][  0]LogModuleManager: Shutting down and abandoning module InputCore (112)
[2020.10.01-19.51.13:123][  0]LogModuleManager: Shutting down and abandoning module Settings (110)
[2020.10.01-19.51.13:124][  0]LogModuleManager: Shutting down and abandoning module DirectoryWatcher (108)
[2020.10.01-19.51.13:124][  0]LogModuleManager: Shutting down and abandoning module PhysXCooking (106)
[2020.10.01-19.51.13:124][  0]LogModuleManager: Shutting down and abandoning module ChaosSolvers (104)
[2020.10.01-19.51.13:137][  0]LogModuleManager: Shutting down and abandoning module FieldSystemEngine (103)
[2020.10.01-19.51.13:137][  0]LogModuleManager: Shutting down and abandoning module Chaos (100)
[2020.10.01-19.51.13:137][  0]LogModuleManager: Shutting down and abandoning module WindowsPlatformFeatures (98)
[2020.10.01-19.51.13:137][  0]LogModuleManager: Shutting down and abandoning module GameplayMediaEncoder (97)
[2020.10.01-19.51.13:142][  0]LogModuleManager: Shutting down and abandoning module AVEncoder (96)
[2020.10.01-19.51.13:148][  0]LogModuleManager: Shutting down and abandoning module SteamVRInputDevice (92)
[2020.10.01-19.51.13:159][  0]LogModuleManager: Shutting down and abandoning module SteamVRInput (90)
[2020.10.01-19.51.13:159][  0]LogModuleManager: Shutting down and abandoning module SteamVR (88)
[2020.10.01-19.51.13:159][  0]LogHMD: Freeing OpenVRDLLHandle.
[2020.10.01-19.51.13:159][  0]LogModuleManager: Shutting down and abandoning module OculusHMD (86)
[2020.10.01-19.51.13:159][  0]LogModuleManager: Shutting down and abandoning module ExampleDeviceProfileSelector (84)
[2020.10.01-19.51.13:159][  0]LogModuleManager: Shutting down and abandoning module LauncherChunkInstaller (82)
[2020.10.01-19.51.13:159][  0]LogModuleManager: Shutting down and abandoning module OnlineBlueprintSupport (80)
[2020.10.01-19.51.13:159][  0]LogModuleManager: Shutting down and abandoning module OnlineSubsystem (76)
[2020.10.01-19.51.13:189][  0]LogModuleManager: Shutting down and abandoning module XMPP (71)
[2020.10.01-19.51.13:204][  0]LogModuleManager: Shutting down and abandoning module WebSockets (70)
[2020.10.01-19.51.13:242][  0]LogModuleManager: Shutting down and abandoning module HTTP (67)
[2020.10.01-19.51.13:266][  0]LogModuleManager: Shutting down and abandoning module SSL (66)
[2020.10.01-19.51.13:267][  0]LogModuleManager: Shutting down and abandoning module WmfMedia (62)
[2020.10.01-19.51.13:312][  0]LogModuleManager: Shutting down and abandoning module Media (61)
[2020.10.01-19.51.13:312][  0]LogModuleManager: Shutting down and abandoning module MagicLeap (58)
[2020.10.01-19.51.13:312][  0]LogModuleManager: Shutting down and abandoning module NiagaraVertexFactories (56)
[2020.10.01-19.51.13:319][  0]LogModuleManager: Shutting down and abandoning module NiagaraShader (54)
[2020.10.01-19.51.13:319][  0]LogModuleManager: Shutting down and abandoning module VariantManagerContent (52)
[2020.10.01-19.51.13:319][  0]LogModuleManager: Shutting down and abandoning module DatasmithContent (50)
[2020.10.01-19.51.13:320][  0]LogModuleManager: Shutting down and abandoning module AISupportModule (48)
[2020.10.01-19.51.13:320][  0]LogModuleManager: Shutting down and abandoning module DesktopPlatform (46)
[2020.10.01-19.51.13:325][  0]LogModuleManager: Shutting down and abandoning module PlatformCryptoOpenSSL (44)
[2020.10.01-19.51.13:337][  0]LogModuleManager: Shutting down and abandoning module PlatformCryptoTypes (42)
[2020.10.01-19.51.13:337][  0]LogModuleManager: Shutting down and abandoning module PlatformCrypto (40)
[2020.10.01-19.51.13:337][  0]LogModuleManager: Shutting down and abandoning module AnimationModifiers (38)
[2020.10.01-19.51.13:354][  0]LogModuleManager: Shutting down and abandoning module PropertyEditor (37)
[2020.10.01-19.51.13:354][  0]LogModuleManager: Shutting down and abandoning module AudioEditor (34)
[2020.10.01-19.51.13:393][  0]LogModuleManager: Shutting down and abandoning module TextureCompressor (32)
[2020.10.01-19.51.13:398][  0]LogModuleManager: Shutting down and abandoning module RenderCore (30)
[2020.10.01-19.51.13:398][  0]LogModuleManager: Shutting down and abandoning module Landscape (28)
[2020.10.01-19.51.13:398][  0]LogModuleManager: Shutting down and abandoning module SlateRHIRenderer (26)
[2020.10.01-19.51.13:410][  0]LogModuleManager: Shutting down and abandoning module OpenGLDrv (24)
[2020.10.01-19.51.13:422][  0]LogModuleManager: Shutting down and abandoning module D3D11RHI (22)
[2020.10.01-19.51.13:422][  0]LogModuleManager: Shutting down and abandoning module AnimGraphRuntime (20)
[2020.10.01-19.51.13:432][  0]LogModuleManager: Shutting down and abandoning module Renderer (18)
[2020.10.01-19.51.13:445][  0]LogModuleManager: Shutting down and abandoning module Engine (16)
[2020.10.01-19.51.13:445][  0]LogModuleManager: Shutting down and abandoning module CoreUObject (14)
[2020.10.01-19.51.13:445][  0]LogModuleManager: Shutting down and abandoning module NetworkFile (12)
[2020.10.01-19.51.13:453][  0]LogModuleManager: Shutting down and abandoning module CookedIterativeFile (10)
[2020.10.01-19.51.13:453][  0]LogModuleManager: Shutting down and abandoning module StreamingFile (8)
[2020.10.01-19.51.13:457][  0]LogModuleManager: Shutting down and abandoning module SandboxFile (6)
[2020.10.01-19.51.13:469][  0]LogModuleManager: Shutting down and abandoning module PakFile (4)
[2020.10.01-19.51.13:469][  0]LogModuleManager: Shutting down and abandoning module RSA (3)
[2020.10.01-19.51.13:555][  0]LogD3D11RHI: Shutdown
[2020.10.01-19.51.13:555][  0]LogD3D11RHI: CleanupD3DDevice
[2020.10.01-19.51.13:628][  0]LogExit: Exiting.
[2020.10.01-19.51.13:671][  0]Log file closed, 10/01/20 22:51:13
